

Started GET "/movies" for 127.0.0.1 at 2015-05-02 19:48:30 +1200

ActiveRecord::PendingMigrationError (

Migrations are pending. To resolve this issue, run:

	bin/rake db:migrate RAILS_ENV=development

):
  activerecord (4.1.9) lib/active_record/migration.rb:389:in `check_pending!'
  activerecord (4.1.9) lib/active_record/migration.rb:377:in `call'
  actionpack (4.1.9) lib/action_dispatch/middleware/callbacks.rb:29:in `block in call'
  activesupport (4.1.9) lib/active_support/callbacks.rb:82:in `run_callbacks'
  actionpack (4.1.9) lib/action_dispatch/middleware/callbacks.rb:27:in `call'
  actionpack (4.1.9) lib/action_dispatch/middleware/reloader.rb:73:in `call'
  actionpack (4.1.9) lib/action_dispatch/middleware/remote_ip.rb:76:in `call'
  actionpack (4.1.9) lib/action_dispatch/middleware/debug_exceptions.rb:17:in `call'
  actionpack (4.1.9) lib/action_dispatch/middleware/show_exceptions.rb:30:in `call'
  railties (4.1.9) lib/rails/rack/logger.rb:38:in `call_app'
  railties (4.1.9) lib/rails/rack/logger.rb:20:in `block in call'
  activesupport (4.1.9) lib/active_support/tagged_logging.rb:68:in `block in tagged'
  activesupport (4.1.9) lib/active_support/tagged_logging.rb:26:in `tagged'
  activesupport (4.1.9) lib/active_support/tagged_logging.rb:68:in `tagged'
  railties (4.1.9) lib/rails/rack/logger.rb:20:in `call'
  actionpack (4.1.9) lib/action_dispatch/middleware/request_id.rb:21:in `call'
  rack (1.5.2) lib/rack/methodoverride.rb:21:in `call'
  rack (1.5.2) lib/rack/runtime.rb:17:in `call'
  activesupport (4.1.9) lib/active_support/cache/strategy/local_cache_middleware.rb:26:in `call'
  rack (1.5.2) lib/rack/lock.rb:17:in `call'
  actionpack (4.1.9) lib/action_dispatch/middleware/static.rb:84:in `call'
  rack (1.5.2) lib/rack/sendfile.rb:112:in `call'
  railties (4.1.9) lib/rails/engine.rb:514:in `call'
  railties (4.1.9) lib/rails/application.rb:144:in `call'
  rack (1.5.2) lib/rack/lock.rb:17:in `call'
  rack (1.5.2) lib/rack/content_length.rb:14:in `call'
  rack (1.5.2) lib/rack/handler/webrick.rb:60:in `service'
  /Users/nickschofield/.rvm/rubies/ruby-2.0.0-p598/lib/ruby/2.0.0/webrick/httpserver.rb:138:in `service'
  /Users/nickschofield/.rvm/rubies/ruby-2.0.0-p598/lib/ruby/2.0.0/webrick/httpserver.rb:94:in `run'
  /Users/nickschofield/.rvm/rubies/ruby-2.0.0-p598/lib/ruby/2.0.0/webrick/server.rb:295:in `block in start_thread'


  Rendered /Users/nickschofield/.rvm/gems/ruby-2.0.0-p598/gems/actionpack-4.1.9/lib/action_dispatch/middleware/templates/rescues/_source.erb (1.0ms)
  Rendered /Users/nickschofield/.rvm/gems/ruby-2.0.0-p598/gems/actionpack-4.1.9/lib/action_dispatch/middleware/templates/rescues/_trace.html.erb (1.5ms)
  Rendered /Users/nickschofield/.rvm/gems/ruby-2.0.0-p598/gems/actionpack-4.1.9/lib/action_dispatch/middleware/templates/rescues/_request_and_response.html.erb (1.8ms)
  Rendered /Users/nickschofield/.rvm/gems/ruby-2.0.0-p598/gems/actionpack-4.1.9/lib/action_dispatch/middleware/templates/rescues/diagnostics.erb within rescues/layout (30.7ms)
  [1m[36m (1.2ms)[0m  [1mCREATE TABLE "schema_migrations" ("version" varchar(255) NOT NULL) [0m
  [1m[35m (0.4ms)[0m  select sqlite_version(*)
  [1m[36m (1.1ms)[0m  [1mCREATE UNIQUE INDEX "unique_schema_migrations" ON "schema_migrations" ("version")[0m
  [1m[35mActiveRecord::SchemaMigration Load (0.1ms)[0m  SELECT "schema_migrations".* FROM "schema_migrations"
Migrating to CreateMovies (20121121163535)
  [1m[36m (0.1ms)[0m  [1mbegin transaction[0m
  [1m[35m (0.6ms)[0m  CREATE TABLE "movies" ("id" INTEGER PRIMARY KEY AUTOINCREMENT NOT NULL, "title" varchar(255), "rating" varchar(255), "total_gross" decimal, "created_at" datetime, "updated_at" datetime) 
  [1m[36mSQL (0.3ms)[0m  [1mINSERT INTO "schema_migrations" ("version") VALUES (?)[0m  [["version", "20121121163535"]]
  [1m[35m (1.0ms)[0m  commit transaction
Migrating to AddFieldsToMovies (20121121180707)
  [1m[36m (0.1ms)[0m  [1mbegin transaction[0m
  [1m[35m (0.5ms)[0m  ALTER TABLE "movies" ADD "description" text
  [1m[36m (0.2ms)[0m  [1mALTER TABLE "movies" ADD "released_on" date[0m
  [1m[35mSQL (0.2ms)[0m  INSERT INTO "schema_migrations" ("version") VALUES (?)  [["version", "20121121180707"]]
  [1m[36m (0.9ms)[0m  [1mcommit transaction[0m
Migrating to AddMoreFieldsToMovies (20121210234158)
  [1m[35m (0.1ms)[0m  begin transaction
  [1m[36m (0.5ms)[0m  [1mALTER TABLE "movies" ADD "cast" varchar(255)[0m
  [1m[35m (0.2ms)[0m  ALTER TABLE "movies" ADD "director" varchar(255)
  [1m[36m (0.2ms)[0m  [1mALTER TABLE "movies" ADD "duration" varchar(255)[0m
  [1m[35m (0.2ms)[0m  ALTER TABLE "movies" ADD "image_file_name" varchar(255)
  [1m[36mSQL (0.2ms)[0m  [1mINSERT INTO "schema_migrations" ("version") VALUES (?)[0m  [["version", "20121210234158"]]
  [1m[35m (1.0ms)[0m  commit transaction
  [1m[36mActiveRecord::SchemaMigration Load (0.1ms)[0m  [1mSELECT "schema_migrations".* FROM "schema_migrations"[0m


Started GET "/movies" for 127.0.0.1 at 2015-05-02 19:48:56 +1200
  [1m[36mActiveRecord::SchemaMigration Load (0.2ms)[0m  [1mSELECT "schema_migrations".* FROM "schema_migrations"[0m
Processing by MoviesController#index as HTML
  [1m[35mMovie Load (0.4ms)[0m  SELECT "movies".* FROM "movies"  WHERE (released_on <= '2015-05-02 07:48:56.913097')  ORDER BY released_on desc
  Rendered movies/index.html.erb within layouts/application (65.7ms)
  Rendered layouts/_header.html.erb (1.1ms)
  Rendered layouts/_sidebar.html.erb (0.9ms)
  Rendered layouts/_footer.html.erb (0.5ms)
Completed 200 OK in 2488ms (Views: 2443.9ms | ActiveRecord: 0.4ms)


Started GET "/assets/application.css?body=1" for 127.0.0.1 at 2015-05-02 19:48:59 +1200


Started GET "/assets/movies.css?body=1" for 127.0.0.1 at 2015-05-02 19:48:59 +1200


Started GET "/assets/buttons.css?body=1" for 127.0.0.1 at 2015-05-02 19:48:59 +1200


Started GET "/assets/layout.css?body=1" for 127.0.0.1 at 2015-05-02 19:48:59 +1200


Started GET "/assets/normalize.css?body=1" for 127.0.0.1 at 2015-05-02 19:48:59 +1200


Started GET "/assets/elements.css?body=1" for 127.0.0.1 at 2015-05-02 19:48:59 +1200


Started GET "/assets/jquery.js?body=1" for 127.0.0.1 at 2015-05-02 19:48:59 +1200


Started GET "/assets/forms.css?body=1" for 127.0.0.1 at 2015-05-02 19:48:59 +1200


Started GET "/assets/jquery_ujs.js?body=1" for 127.0.0.1 at 2015-05-02 19:48:59 +1200


Started GET "/assets/turbolinks.js?body=1" for 127.0.0.1 at 2015-05-02 19:48:59 +1200


Started GET "/assets/movies.js?body=1" for 127.0.0.1 at 2015-05-02 19:48:59 +1200


Started GET "/assets/application.js?body=1" for 127.0.0.1 at 2015-05-02 19:48:59 +1200


Started GET "/assets/background.jpg" for 127.0.0.1 at 2015-05-02 19:48:59 +1200


Started GET "/assets/arrow.png" for 127.0.0.1 at 2015-05-02 19:48:59 +1200


Started GET "/assets/add.png" for 127.0.0.1 at 2015-05-02 19:48:59 +1200


Started GET "/assets/logo.png" for 127.0.0.1 at 2015-05-02 19:48:59 +1200
  [1m[36mActiveRecord::SchemaMigration Load (0.2ms)[0m  [1mSELECT "schema_migrations".* FROM "schema_migrations"[0m
  [1m[35m (0.1ms)[0m  begin transaction
  [1m[36mSQL (1.0ms)[0m  [1mINSERT INTO "movies" ("cast", "created_at", "description", "director", "duration", "image_file_name", "rating", "released_on", "title", "total_gross", "updated_at") VALUES (?, ?, ?, ?, ?, ?, ?, ?, ?, ?, ?)[0m  [["cast", "Robert Downey Jr., Gwyneth Paltrow and Terrence Howard"], ["created_at", "2015-05-02 07:49:11.256933"], ["description", "When wealthy industrialist Tony Stark is forced to build an armored suit after a life-threatening incident, he ultimately decides to use its technology to fight against evil."], ["director", "Jon Favreau"], ["duration", "126 min"], ["image_file_name", "ironman.jpg"], ["rating", "PG-13"], ["released_on", "2008-05-02"], ["title", "Iron Man"], ["total_gross", 318412101.0], ["updated_at", "2015-05-02 07:49:11.256933"]]
  [1m[35m (1.0ms)[0m  commit transaction
  [1m[36m (0.1ms)[0m  [1mbegin transaction[0m
  [1m[35mSQL (0.5ms)[0m  INSERT INTO "movies" ("cast", "created_at", "description", "director", "duration", "image_file_name", "rating", "released_on", "title", "total_gross", "updated_at") VALUES (?, ?, ?, ?, ?, ?, ?, ?, ?, ?, ?)  [["cast", "Christopher Reeve, Margot Kidder and Gene Hackman"], ["created_at", "2015-05-02 07:49:11.264889"], ["description", "An alien orphan is sent from his dying planet to Earth, where he grows up to become his adoptive home's first and greatest super-hero."], ["director", "Richard Donner"], ["duration", "143 min"], ["image_file_name", "superman.jpg"], ["rating", "PG"], ["released_on", "1978-12-15"], ["title", "Superman"], ["total_gross", 134218018.0], ["updated_at", "2015-05-02 07:49:11.264889"]]
  [1m[36m (0.9ms)[0m  [1mcommit transaction[0m
  [1m[35m (0.1ms)[0m  begin transaction
  [1m[36mSQL (0.4ms)[0m  [1mINSERT INTO "movies" ("cast", "created_at", "description", "director", "duration", "image_file_name", "rating", "released_on", "title", "total_gross", "updated_at") VALUES (?, ?, ?, ?, ?, ?, ?, ?, ?, ?, ?)[0m  [["cast", "Tobey Maguire, Kirsten Dunst and Willem Dafoe"], ["created_at", "2015-05-02 07:49:11.268438"], ["description", "When bitten by a genetically modified spider, a nerdy, shy, and awkward high school student gains spider-like abilities that he eventually must use to fight evil as a superhero after tragedy befalls his family."], ["director", "Sam Raimi"], ["duration", "121 min"], ["image_file_name", "spiderman.jpg"], ["rating", "PG-13"], ["released_on", "2002-05-03"], ["title", "Spider-Man"], ["total_gross", 403706375.0], ["updated_at", "2015-05-02 07:49:11.268438"]]
  [1m[35m (0.8ms)[0m  commit transaction
  [1m[36m (0.1ms)[0m  [1mbegin transaction[0m
  [1m[35mSQL (0.4ms)[0m  INSERT INTO "movies" ("cast", "created_at", "description", "director", "duration", "image_file_name", "rating", "released_on", "title", "total_gross", "updated_at") VALUES (?, ?, ?, ?, ?, ?, ?, ?, ?, ?, ?)  [["cast", "Michael Keaton, Jack Nicholson and Kim Basinger"], ["created_at", "2015-05-02 07:49:11.271509"], ["description", "The Dark Knight of Gotham City begins his war on crime with his first major enemy being the clownishly homicidal Joker."], ["director", "Tim Burton"], ["duration", "126 min"], ["image_file_name", "batman.jpg"], ["rating", "PG-13"], ["released_on", "1989-06-23"], ["title", "Batman"], ["total_gross", 251188924.0], ["updated_at", "2015-05-02 07:49:11.271509"]]
  [1m[36m (1.0ms)[0m  [1mcommit transaction[0m
  [1m[35m (0.1ms)[0m  begin transaction
  [1m[36mSQL (0.6ms)[0m  [1mINSERT INTO "movies" ("cast", "created_at", "description", "director", "duration", "image_file_name", "rating", "released_on", "title", "total_gross", "updated_at") VALUES (?, ?, ?, ?, ?, ?, ?, ?, ?, ?, ?)[0m  [["cast", "Halle Berry, Sharon Stone and Benjamin Bratt"], ["created_at", "2015-05-02 07:49:11.275189"], ["description", "Patience Philips seems destined to spend her life apologizing for taking up space. Despite her artistic ability&mdash;she has a more than respectable career as a graphic designer."], ["director", "Jean-Christophe 'Pitof' Comar"], ["duration", "101 min"], ["image_file_name", "catwoman.jpg"], ["rating", "PG-13"], ["released_on", "2004-07-23"], ["title", "Catwoman"], ["total_gross", 40200000.0], ["updated_at", "2015-05-02 07:49:11.275189"]]
  [1m[35m (0.9ms)[0m  commit transaction
  [1m[36m (0.1ms)[0m  [1mbegin transaction[0m
  [1m[35mSQL (0.4ms)[0m  INSERT INTO "movies" ("cast", "created_at", "description", "director", "duration", "image_file_name", "rating", "released_on", "title", "total_gross", "updated_at") VALUES (?, ?, ?, ?, ?, ?, ?, ?, ?, ?, ?)  [["cast", "Bruce Wayne, Gojira"], ["created_at", "2015-05-02 07:49:11.278683"], ["description", "An epic battle between The Caped Crusader and the fire-breathing dinosaur Gojira. Hang on to your popcorn, kids!"], ["director", "Ishiro Honda"], ["duration", "211 min"], ["image_file_name", "batman-vs-godzilla.jpg"], ["rating", "PG-13"], ["released_on", "2015-05-12"], ["title", "Batman vs. Godzilla"], ["total_gross", 387623910.0], ["updated_at", "2015-05-02 07:49:11.278683"]]
  [1m[36m (0.9ms)[0m  [1mcommit transaction[0m


Started GET "/movies" for 127.0.0.1 at 2015-05-02 19:49:15 +1200
Processing by MoviesController#index as HTML
  [1m[36mMovie Load (0.4ms)[0m  [1mSELECT "movies".* FROM "movies"  WHERE (released_on <= '2015-05-02 07:49:15.184112')  ORDER BY released_on desc[0m
  Rendered movies/index.html.erb within layouts/application (45.7ms)
  Rendered layouts/_header.html.erb (0.2ms)
  Rendered layouts/_sidebar.html.erb (0.2ms)
  Rendered layouts/_footer.html.erb (0.1ms)
Completed 200 OK in 184ms (Views: 181.9ms | ActiveRecord: 0.8ms)


Started GET "/assets/application.css?body=1" for 127.0.0.1 at 2015-05-02 19:49:15 +1200


Started GET "/assets/layout.css?body=1" for 127.0.0.1 at 2015-05-02 19:49:15 +1200


Started GET "/assets/normalize.css?body=1" for 127.0.0.1 at 2015-05-02 19:49:15 +1200


Started GET "/assets/buttons.css?body=1" for 127.0.0.1 at 2015-05-02 19:49:15 +1200


Started GET "/assets/movies.css?body=1" for 127.0.0.1 at 2015-05-02 19:49:15 +1200


Started GET "/assets/elements.css?body=1" for 127.0.0.1 at 2015-05-02 19:49:15 +1200


Started GET "/assets/forms.css?body=1" for 127.0.0.1 at 2015-05-02 19:49:15 +1200


Started GET "/assets/jquery.js?body=1" for 127.0.0.1 at 2015-05-02 19:49:15 +1200


Started GET "/assets/jquery_ujs.js?body=1" for 127.0.0.1 at 2015-05-02 19:49:15 +1200


Started GET "/assets/turbolinks.js?body=1" for 127.0.0.1 at 2015-05-02 19:49:15 +1200


Started GET "/assets/movies.js?body=1" for 127.0.0.1 at 2015-05-02 19:49:15 +1200


Started GET "/assets/application.js?body=1" for 127.0.0.1 at 2015-05-02 19:49:15 +1200


Started GET "/assets/ironman.jpg" for 127.0.0.1 at 2015-05-02 19:49:15 +1200


Started GET "/assets/spiderman.jpg" for 127.0.0.1 at 2015-05-02 19:49:15 +1200


Started GET "/assets/catwoman.jpg" for 127.0.0.1 at 2015-05-02 19:49:15 +1200


Started GET "/assets/batman.jpg" for 127.0.0.1 at 2015-05-02 19:49:15 +1200


Started GET "/assets/superman.jpg" for 127.0.0.1 at 2015-05-02 19:49:15 +1200


Started GET "/movies/1" for 127.0.0.1 at 2015-05-02 19:49:24 +1200
Processing by MoviesController#show as HTML
  Parameters: {"id"=>"1"}
  [1m[35mMovie Load (0.4ms)[0m  SELECT  "movies".* FROM "movies"  WHERE "movies"."id" = ? LIMIT 1  [["id", 1]]
  Rendered movies/show.html.erb within layouts/application (2.8ms)
  Rendered layouts/_header.html.erb (0.9ms)
  Rendered layouts/_sidebar.html.erb (0.8ms)
  Rendered layouts/_footer.html.erb (0.5ms)
Completed 200 OK in 129ms (Views: 124.3ms | ActiveRecord: 0.4ms)


Started GET "/movies/1/edit" for 127.0.0.1 at 2015-05-02 19:49:28 +1200
Processing by MoviesController#edit as HTML
  Parameters: {"id"=>"1"}
  [1m[36mMovie Load (0.2ms)[0m  [1mSELECT  "movies".* FROM "movies"  WHERE "movies"."id" = ? LIMIT 1[0m  [["id", 1]]
  Rendered movies/_form.html.erb (24.0ms)
  Rendered movies/edit.html.erb within layouts/application (26.1ms)
  Rendered layouts/_header.html.erb (0.2ms)
  Rendered layouts/_sidebar.html.erb (0.3ms)
  Rendered layouts/_footer.html.erb (0.1ms)
Completed 200 OK in 170ms (Views: 167.1ms | ActiveRecord: 0.2ms)


Started GET "/movies" for 127.0.0.1 at 2015-05-02 19:49:31 +1200
Processing by MoviesController#index as HTML
  [1m[35mMovie Load (0.4ms)[0m  SELECT "movies".* FROM "movies"  WHERE (released_on <= '2015-05-02 07:49:31.691273')  ORDER BY released_on desc
  Rendered movies/index.html.erb within layouts/application (6.9ms)
  Rendered layouts/_header.html.erb (0.2ms)
  Rendered layouts/_sidebar.html.erb (0.2ms)
  Rendered layouts/_footer.html.erb (0.1ms)
Completed 200 OK in 79ms (Views: 76.9ms | ActiveRecord: 0.4ms)


Started GET "/movies/new" for 127.0.0.1 at 2015-05-02 19:49:54 +1200
Processing by MoviesController#new as HTML
  Rendered movies/_form.html.erb (9.4ms)
  Rendered movies/new.html.erb within layouts/application (10.8ms)
  Rendered layouts/_header.html.erb (0.2ms)
  Rendered layouts/_sidebar.html.erb (0.2ms)
  Rendered layouts/_footer.html.erb (0.1ms)
Completed 200 OK in 95ms (Views: 94.2ms | ActiveRecord: 0.0ms)


Started GET "/movies" for 127.0.0.1 at 2015-05-02 19:49:56 +1200
Processing by MoviesController#index as HTML
  [1m[36mMovie Load (0.4ms)[0m  [1mSELECT "movies".* FROM "movies"  WHERE (released_on <= '2015-05-02 07:49:56.168807')  ORDER BY released_on desc[0m
  Rendered movies/index.html.erb within layouts/application (5.3ms)
  Rendered layouts/_header.html.erb (0.2ms)
  Rendered layouts/_sidebar.html.erb (0.3ms)
  Rendered layouts/_footer.html.erb (0.1ms)
Completed 200 OK in 75ms (Views: 73.0ms | ActiveRecord: 0.4ms)


Started GET "/movies/1" for 127.0.0.1 at 2015-05-02 19:50:10 +1200
Processing by MoviesController#show as HTML
  Parameters: {"id"=>"1"}
  [1m[35mMovie Load (0.2ms)[0m  SELECT  "movies".* FROM "movies"  WHERE "movies"."id" = ? LIMIT 1  [["id", 1]]
  Rendered movies/show.html.erb within layouts/application (1.3ms)
  Rendered layouts/_header.html.erb (0.2ms)
  Rendered layouts/_sidebar.html.erb (0.4ms)
  Rendered layouts/_footer.html.erb (0.1ms)
Completed 200 OK in 110ms (Views: 107.9ms | ActiveRecord: 0.2ms)


Started GET "/movies" for 127.0.0.1 at 2015-05-02 19:50:13 +1200
Processing by MoviesController#index as HTML
  [1m[36mMovie Load (0.3ms)[0m  [1mSELECT "movies".* FROM "movies"  WHERE (released_on <= '2015-05-02 07:50:13.677105')  ORDER BY released_on desc[0m
  Rendered movies/index.html.erb within layouts/application (5.2ms)
  Rendered layouts/_header.html.erb (0.2ms)
  Rendered layouts/_sidebar.html.erb (0.4ms)
  Rendered layouts/_footer.html.erb (0.2ms)
Completed 200 OK in 158ms (Views: 156.8ms | ActiveRecord: 0.3ms)


Started GET "/movies/new" for 127.0.0.1 at 2015-05-02 21:31:55 +1200
Processing by MoviesController#new as HTML
  Rendered movies/_form.html.erb (30.2ms)
  Rendered movies/new.html.erb within layouts/application (33.4ms)
  Rendered layouts/_header.html.erb (0.3ms)
  Rendered layouts/_sidebar.html.erb (0.4ms)
  Rendered layouts/_footer.html.erb (0.1ms)
Completed 200 OK in 327ms (Views: 318.4ms | ActiveRecord: 0.0ms)


Started GET "/movies" for 127.0.0.1 at 2015-05-02 21:32:03 +1200
Processing by MoviesController#index as HTML
  [1m[35mMovie Load (0.5ms)[0m  SELECT "movies".* FROM "movies"  WHERE (released_on <= '2015-05-02 09:32:03.115915')  ORDER BY released_on desc
  Rendered movies/index.html.erb within layouts/application (6.2ms)
  Rendered layouts/_header.html.erb (0.2ms)
  Rendered layouts/_sidebar.html.erb (0.2ms)
  Rendered layouts/_footer.html.erb (0.1ms)
Completed 200 OK in 155ms (Views: 152.6ms | ActiveRecord: 0.5ms)


Started GET "/movies/new" for 127.0.0.1 at 2015-05-02 21:32:28 +1200
Processing by MoviesController#new as HTML
  Rendered movies/_form.html.erb (7.3ms)
  Rendered movies/new.html.erb within layouts/application (8.7ms)
  Rendered layouts/_header.html.erb (0.2ms)
  Rendered layouts/_sidebar.html.erb (0.2ms)
  Rendered layouts/_footer.html.erb (0.1ms)
Completed 200 OK in 123ms (Views: 122.1ms | ActiveRecord: 0.0ms)


Started GET "/movies" for 127.0.0.1 at 2015-05-02 21:32:30 +1200
Processing by MoviesController#index as HTML
  [1m[36mMovie Load (0.5ms)[0m  [1mSELECT "movies".* FROM "movies"  WHERE (released_on <= '2015-05-02 09:32:30.651177')  ORDER BY released_on desc[0m
  Rendered movies/index.html.erb within layouts/application (7.8ms)
  Rendered layouts/_header.html.erb (0.2ms)
  Rendered layouts/_sidebar.html.erb (64.2ms)
  Rendered layouts/_footer.html.erb (0.1ms)
Completed 200 OK in 157ms (Views: 154.5ms | ActiveRecord: 0.5ms)


Started GET "/movies/new" for 127.0.0.1 at 2015-05-02 21:32:32 +1200
Processing by MoviesController#new as HTML
  Rendered movies/_form.html.erb (6.3ms)
  Rendered movies/new.html.erb within layouts/application (7.2ms)
  Rendered layouts/_header.html.erb (0.2ms)
  Rendered layouts/_sidebar.html.erb (0.2ms)
  Rendered layouts/_footer.html.erb (0.1ms)
Completed 200 OK in 77ms (Views: 76.2ms | ActiveRecord: 0.0ms)


Started GET "/movies" for 127.0.0.1 at 2015-05-02 21:32:35 +1200
Processing by MoviesController#index as HTML
  [1m[35mMovie Load (0.5ms)[0m  SELECT "movies".* FROM "movies"  WHERE (released_on <= '2015-05-02 09:32:35.659332')  ORDER BY released_on desc
  Rendered movies/index.html.erb within layouts/application (7.0ms)
  Rendered layouts/_header.html.erb (0.2ms)
  Rendered layouts/_sidebar.html.erb (0.2ms)
  Rendered layouts/_footer.html.erb (0.1ms)
Completed 200 OK in 127ms (Views: 125.1ms | ActiveRecord: 0.5ms)


Started GET "/movies/1" for 127.0.0.1 at 2015-05-02 21:32:38 +1200
Processing by MoviesController#show as HTML
  Parameters: {"id"=>"1"}
  [1m[36mMovie Load (0.2ms)[0m  [1mSELECT  "movies".* FROM "movies"  WHERE "movies"."id" = ? LIMIT 1[0m  [["id", 1]]
  Rendered movies/show.html.erb within layouts/application (1.5ms)
  Rendered layouts/_header.html.erb (0.2ms)
  Rendered layouts/_sidebar.html.erb (0.2ms)
  Rendered layouts/_footer.html.erb (0.1ms)
Completed 200 OK in 137ms (Views: 134.7ms | ActiveRecord: 0.2ms)


Started GET "/movies/1/edit" for 127.0.0.1 at 2015-05-02 21:32:44 +1200
Processing by MoviesController#edit as HTML
  Parameters: {"id"=>"1"}
  [1m[35mMovie Load (0.2ms)[0m  SELECT  "movies".* FROM "movies"  WHERE "movies"."id" = ? LIMIT 1  [["id", 1]]
  Rendered movies/_form.html.erb (6.8ms)
  Rendered movies/edit.html.erb within layouts/application (7.8ms)
  Rendered layouts/_header.html.erb (0.2ms)
  Rendered layouts/_sidebar.html.erb (0.3ms)
  Rendered layouts/_footer.html.erb (0.1ms)
Completed 200 OK in 80ms (Views: 78.4ms | ActiveRecord: 0.2ms)


Started GET "/movies" for 127.0.0.1 at 2015-05-02 21:32:58 +1200
Processing by MoviesController#index as HTML
  [1m[36mMovie Load (0.3ms)[0m  [1mSELECT "movies".* FROM "movies"  WHERE (released_on <= '2015-05-02 09:32:58.049656')  ORDER BY released_on desc[0m
  Rendered movies/index.html.erb within layouts/application (4.7ms)
  Rendered layouts/_header.html.erb (0.2ms)
  Rendered layouts/_sidebar.html.erb (0.2ms)
  Rendered layouts/_footer.html.erb (0.1ms)
Completed 200 OK in 136ms (Views: 135.2ms | ActiveRecord: 0.3ms)


Started GET "/movies/1" for 127.0.0.1 at 2015-05-02 22:59:30 +1200
Processing by MoviesController#show as HTML
  Parameters: {"id"=>"1"}
  [1m[35mMovie Load (1.0ms)[0m  SELECT  "movies".* FROM "movies"  WHERE "movies"."id" = ? LIMIT 1  [["id", 1]]
  Rendered movies/show.html.erb within layouts/application (8.8ms)
  Rendered layouts/_header.html.erb (0.3ms)
  Rendered layouts/_sidebar.html.erb (0.2ms)
  Rendered layouts/_footer.html.erb (0.2ms)
Completed 200 OK in 163ms (Views: 145.5ms | ActiveRecord: 1.0ms)


Started GET "/movies" for 127.0.0.1 at 2015-05-02 23:00:08 +1200
Processing by MoviesController#index as HTML
  [1m[36mMovie Load (0.5ms)[0m  [1mSELECT "movies".* FROM "movies"  WHERE (released_on <= '2015-05-02 11:00:08.667281')  ORDER BY released_on desc[0m
  Rendered movies/index.html.erb within layouts/application (5.0ms)
  Rendered layouts/_header.html.erb (0.2ms)
  Rendered layouts/_sidebar.html.erb (0.2ms)
  Rendered layouts/_footer.html.erb (0.1ms)
Completed 200 OK in 200ms (Views: 198.2ms | ActiveRecord: 0.5ms)


Started GET "/movies/5" for 127.0.0.1 at 2015-05-02 23:00:34 +1200
Processing by MoviesController#show as HTML
  Parameters: {"id"=>"5"}
  [1m[35mMovie Load (0.3ms)[0m  SELECT  "movies".* FROM "movies"  WHERE "movies"."id" = ? LIMIT 1  [["id", 5]]
  Rendered movies/show.html.erb within layouts/application (0.9ms)
  Rendered layouts/_header.html.erb (0.2ms)
  Rendered layouts/_sidebar.html.erb (0.2ms)
  Rendered layouts/_footer.html.erb (0.1ms)
Completed 200 OK in 159ms (Views: 156.4ms | ActiveRecord: 0.3ms)


Started GET "/movies" for 127.0.0.1 at 2015-05-02 23:01:53 +1200
Processing by MoviesController#index as HTML
  [1m[36mMovie Load (0.3ms)[0m  [1mSELECT "movies".* FROM "movies"  WHERE (released_on <= '2015-05-02 11:01:53.982593')  ORDER BY released_on desc[0m
  Rendered movies/index.html.erb within layouts/application (4.2ms)
  Rendered layouts/_header.html.erb (0.2ms)
  Rendered layouts/_sidebar.html.erb (0.2ms)
  Rendered layouts/_footer.html.erb (0.1ms)
Completed 200 OK in 128ms (Views: 126.9ms | ActiveRecord: 0.3ms)


Started GET "/movies/5" for 127.0.0.1 at 2015-05-02 23:23:46 +1200
  [1m[36mActiveRecord::SchemaMigration Load (0.2ms)[0m  [1mSELECT "schema_migrations".* FROM "schema_migrations"[0m
Processing by MoviesController#show as HTML
  Parameters: {"id"=>"5"}
  [1m[35mMovie Load (0.3ms)[0m  SELECT  "movies".* FROM "movies"  WHERE "movies"."id" = ? LIMIT 1  [["id", 5]]
  Rendered movies/show.html.erb within layouts/application (5.9ms)
  Rendered layouts/_header.html.erb (0.8ms)
  Rendered layouts/_sidebar.html.erb (0.9ms)
  Rendered layouts/_footer.html.erb (0.5ms)
Completed 200 OK in 221ms (Views: 192.9ms | ActiveRecord: 0.8ms)


Started GET "/movies" for 127.0.0.1 at 2015-05-02 23:23:48 +1200
Processing by MoviesController#index as HTML
  [1m[36mMovie Load (0.4ms)[0m  [1mSELECT "movies".* FROM "movies"  WHERE (released_on <= '2015-05-02 11:23:48.849727')  ORDER BY released_on desc[0m
  Rendered movies/index.html.erb within layouts/application (92.7ms)
  Rendered layouts/_header.html.erb (0.2ms)
  Rendered layouts/_sidebar.html.erb (0.4ms)
  Rendered layouts/_footer.html.erb (0.1ms)
Completed 200 OK in 172ms (Views: 167.5ms | ActiveRecord: 0.4ms)
  [1m[36m (1.8ms)[0m  [1mCREATE TABLE "movies" ("id" INTEGER PRIMARY KEY AUTOINCREMENT NOT NULL, "title" varchar(255), "rating" varchar(255), "total_gross" decimal, "created_at" datetime, "updated_at" datetime, "description" text, "released_on" date, "cast" varchar(255), "director" varchar(255), "duration" varchar(255), "image_file_name" varchar(255)) [0m
  [1m[35m (1.6ms)[0m  CREATE TABLE "schema_migrations" ("version" varchar(255) NOT NULL) 
  [1m[36m (0.1ms)[0m  [1mselect sqlite_version(*)[0m
  [1m[35m (1.2ms)[0m  CREATE UNIQUE INDEX "unique_schema_migrations" ON "schema_migrations" ("version")
  [1m[36m (0.2ms)[0m  [1mSELECT version FROM "schema_migrations"[0m
  [1m[35m (0.9ms)[0m  INSERT INTO "schema_migrations" (version) VALUES ('20121210234158')
  [1m[36m (0.9ms)[0m  [1mINSERT INTO "schema_migrations" (version) VALUES ('20121121163535')[0m
  [1m[35m (0.9ms)[0m  INSERT INTO "schema_migrations" (version) VALUES ('20121121180707')


Started GET "/movies/css" for 127.0.0.1 at 2015-05-03 21:34:00 +1200
Processing by MoviesController#show as HTML
  Parameters: {"id"=>"css"}
  [1m[35mMovie Load (0.7ms)[0m  SELECT  "movies".* FROM "movies"  WHERE "movies"."id" = ? LIMIT 1  [["id", 0]]
Completed 404 Not Found in 24ms

ActiveRecord::RecordNotFound (Couldn't find Movie with 'id'=css):
  app/controllers/movies_controller.rb:7:in `show'


  Rendered /Users/nickschofield/.rvm/gems/ruby-2.0.0-p598/gems/actionpack-4.1.9/lib/action_dispatch/middleware/templates/rescues/_source.erb (1.2ms)
  Rendered /Users/nickschofield/.rvm/gems/ruby-2.0.0-p598/gems/actionpack-4.1.9/lib/action_dispatch/middleware/templates/rescues/_trace.html.erb (2.2ms)
  Rendered /Users/nickschofield/.rvm/gems/ruby-2.0.0-p598/gems/actionpack-4.1.9/lib/action_dispatch/middleware/templates/rescues/_request_and_response.html.erb (2.1ms)
  Rendered /Users/nickschofield/.rvm/gems/ruby-2.0.0-p598/gems/actionpack-4.1.9/lib/action_dispatch/middleware/templates/rescues/diagnostics.erb within rescues/layout (30.8ms)


Started GET "/assets/application.css" for 127.0.0.1 at 2015-05-03 21:34:56 +1200


Started GET "/movies/new" for 127.0.0.1 at 2015-05-03 21:41:54 +1200
Processing by MoviesController#new as HTML
  Rendered movies/_form.html.erb (56.4ms)
  Rendered movies/new.html.erb within layouts/application (59.1ms)
  Rendered layouts/_header.html.erb (0.3ms)
  Rendered layouts/_sidebar.html.erb (0.2ms)
  Rendered layouts/_footer.html.erb (0.1ms)
Completed 200 OK in 267ms (Views: 264.2ms | ActiveRecord: 0.0ms)


Started POST "/movies" for 127.0.0.1 at 2015-05-03 21:41:57 +1200
Processing by MoviesController#create as HTML
  Parameters: {"utf8"=>"✓", "authenticity_token"=>"BiRbX0GgSS1vlBVgQjkk5GPTWIVwmxsuulcXHy9QN5U=", "movie"=>{"title"=>"", "description"=>"", "rating"=>"", "released_on(1i)"=>"2015", "released_on(2i)"=>"5", "released_on(3i)"=>"3", "total_gross"=>"", "duration"=>"", "image_file_name"=>"", "cast"=>"", "director"=>""}, "commit"=>"Create Movie"}
  [1m[36m (0.3ms)[0m  [1mbegin transaction[0m
  [1m[35mSQL (1.7ms)[0m  INSERT INTO "movies" ("cast", "created_at", "description", "director", "duration", "image_file_name", "rating", "released_on", "title", "updated_at") VALUES (?, ?, ?, ?, ?, ?, ?, ?, ?, ?)  [["cast", ""], ["created_at", "2015-05-03 09:41:57.348541"], ["description", ""], ["director", ""], ["duration", ""], ["image_file_name", ""], ["rating", ""], ["released_on", "2015-05-03"], ["title", ""], ["updated_at", "2015-05-03 09:41:57.348541"]]
  [1m[36m (1.1ms)[0m  [1mcommit transaction[0m
Redirected to http://localhost:3000/movies/7
Completed 302 Found in 13ms (ActiveRecord: 3.0ms)


Started GET "/movies/7" for 127.0.0.1 at 2015-05-03 21:41:57 +1200
Processing by MoviesController#show as HTML
  Parameters: {"id"=>"7"}
  [1m[35mMovie Load (0.2ms)[0m  SELECT  "movies".* FROM "movies"  WHERE "movies"."id" = ? LIMIT 1  [["id", 7]]
  Rendered movies/show.html.erb within layouts/application (8.3ms)
  Rendered layouts/_header.html.erb (1.0ms)
  Rendered layouts/_sidebar.html.erb (0.7ms)
  Rendered layouts/_footer.html.erb (0.5ms)
Completed 200 OK in 104ms (Views: 100.7ms | ActiveRecord: 0.2ms)


Started GET "/assets/application.css?body=1" for 127.0.0.1 at 2015-05-03 21:41:57 +1200


Started GET "/assets/layout.css?body=1" for 127.0.0.1 at 2015-05-03 21:41:57 +1200


Started GET "/assets/normalize.css?body=1" for 127.0.0.1 at 2015-05-03 21:41:57 +1200


Started GET "/assets/movies.css?body=1" for 127.0.0.1 at 2015-05-03 21:41:57 +1200


Started GET "/assets/elements.css?body=1" for 127.0.0.1 at 2015-05-03 21:41:57 +1200


Started GET "/assets/buttons.css?body=1" for 127.0.0.1 at 2015-05-03 21:41:57 +1200


Started GET "/assets/forms.css?body=1" for 127.0.0.1 at 2015-05-03 21:41:57 +1200


Started GET "/assets/jquery.js?body=1" for 127.0.0.1 at 2015-05-03 21:41:57 +1200


Started GET "/assets/jquery_ujs.js?body=1" for 127.0.0.1 at 2015-05-03 21:41:57 +1200


Started GET "/assets/turbolinks.js?body=1" for 127.0.0.1 at 2015-05-03 21:41:57 +1200


Started GET "/assets/movies.js?body=1" for 127.0.0.1 at 2015-05-03 21:41:57 +1200


Started GET "/assets/application.js?body=1" for 127.0.0.1 at 2015-05-03 21:41:57 +1200


Started GET "/assets/placeholder.png" for 127.0.0.1 at 2015-05-03 21:41:57 +1200


Started GET "/movies" for 127.0.0.1 at 2015-05-03 21:42:01 +1200
Processing by MoviesController#index as HTML
  [1m[36mMovie Load (0.3ms)[0m  [1mSELECT "movies".* FROM "movies"  WHERE (released_on <= '2015-05-03 09:42:01.438402')  ORDER BY released_on desc[0m
  Rendered movies/index.html.erb within layouts/application (6.6ms)
  Rendered layouts/_header.html.erb (0.2ms)
  Rendered layouts/_sidebar.html.erb (0.2ms)
  Rendered layouts/_footer.html.erb (0.1ms)
Completed 200 OK in 146ms (Views: 144.1ms | ActiveRecord: 0.3ms)


Started GET "/assets/ironman.jpg" for 127.0.0.1 at 2015-05-03 21:42:01 +1200


Started GET "/assets/spiderman.jpg" for 127.0.0.1 at 2015-05-03 21:42:01 +1200


Started GET "/assets/catwoman.jpg" for 127.0.0.1 at 2015-05-03 21:42:01 +1200


Started GET "/assets/batman.jpg" for 127.0.0.1 at 2015-05-03 21:42:01 +1200


Started GET "/assets/superman.jpg" for 127.0.0.1 at 2015-05-03 21:42:01 +1200


Started GET "/movies" for 127.0.0.1 at 2015-05-03 21:42:13 +1200
Processing by MoviesController#index as HTML
  [1m[35mMovie Load (0.4ms)[0m  SELECT "movies".* FROM "movies"  WHERE (released_on <= '2015-05-03 09:42:13.087868')  ORDER BY released_on desc
  Rendered movies/index.html.erb within layouts/application (5.0ms)
  Rendered layouts/_header.html.erb (0.2ms)
  Rendered layouts/_sidebar.html.erb (0.2ms)
  Rendered layouts/_footer.html.erb (0.1ms)
Completed 200 OK in 121ms (Views: 119.2ms | ActiveRecord: 0.4ms)
  [1m[36mMovie Load (2.1ms)[0m  [1mSELECT "movies".* FROM "movies"[0m
  [1m[35mMovie Load (0.3ms)[0m  SELECT  "movies".* FROM "movies"  WHERE "movies"."id" = 7 LIMIT 1
  [1m[36m (0.2ms)[0m  [1mbegin transaction[0m
  [1m[35mSQL (0.9ms)[0m  DELETE FROM "movies" WHERE "movies"."id" = ?  [["id", 7]]
  [1m[36m (1.1ms)[0m  [1mcommit transaction[0m


Started GET "/movies" for 127.0.0.1 at 2015-05-03 21:43:17 +1200
Processing by MoviesController#index as HTML
  [1m[36mMovie Load (0.4ms)[0m  [1mSELECT "movies".* FROM "movies"  WHERE (released_on <= '2015-05-03 09:43:17.607629')  ORDER BY released_on desc[0m
  Rendered movies/index.html.erb within layouts/application (9.7ms)
  Rendered layouts/_header.html.erb (0.2ms)
  Rendered layouts/_sidebar.html.erb (0.3ms)
  Rendered layouts/_footer.html.erb (0.1ms)
Completed 200 OK in 158ms (Views: 156.3ms | ActiveRecord: 0.4ms)


Started GET "/assets/application.css?body=1" for 127.0.0.1 at 2015-05-03 21:43:17 +1200


Started GET "/assets/layout.css?body=1" for 127.0.0.1 at 2015-05-03 21:43:17 +1200


Started GET "/assets/elements.css?body=1" for 127.0.0.1 at 2015-05-03 21:43:17 +1200


Started GET "/assets/normalize.css?body=1" for 127.0.0.1 at 2015-05-03 21:43:17 +1200


Started GET "/assets/movies.css?body=1" for 127.0.0.1 at 2015-05-03 21:43:17 +1200


Started GET "/assets/buttons.css?body=1" for 127.0.0.1 at 2015-05-03 21:43:17 +1200


Started GET "/assets/forms.css?body=1" for 127.0.0.1 at 2015-05-03 21:43:17 +1200


Started GET "/assets/jquery.js?body=1" for 127.0.0.1 at 2015-05-03 21:43:17 +1200


Started GET "/assets/jquery_ujs.js?body=1" for 127.0.0.1 at 2015-05-03 21:43:17 +1200


Started GET "/assets/turbolinks.js?body=1" for 127.0.0.1 at 2015-05-03 21:43:17 +1200


Started GET "/assets/movies.js?body=1" for 127.0.0.1 at 2015-05-03 21:43:17 +1200


Started GET "/assets/application.js?body=1" for 127.0.0.1 at 2015-05-03 21:43:17 +1200


Started GET "/assets/ironman.jpg" for 127.0.0.1 at 2015-05-03 21:43:17 +1200


Started GET "/assets/catwoman.jpg" for 127.0.0.1 at 2015-05-03 21:43:17 +1200


Started GET "/assets/spiderman.jpg" for 127.0.0.1 at 2015-05-03 21:43:17 +1200


Started GET "/assets/superman.jpg" for 127.0.0.1 at 2015-05-03 21:43:17 +1200


Started GET "/assets/batman.jpg" for 127.0.0.1 at 2015-05-03 21:43:17 +1200


Started GET "/movies/1" for 127.0.0.1 at 2015-05-03 21:50:48 +1200
Processing by MoviesController#show as HTML
  Parameters: {"id"=>"1"}
  [1m[35mMovie Load (0.2ms)[0m  SELECT  "movies".* FROM "movies"  WHERE "movies"."id" = ? LIMIT 1  [["id", 1]]
  Rendered movies/show.html.erb within layouts/application (2.2ms)
  Rendered layouts/_header.html.erb (0.2ms)
  Rendered layouts/_sidebar.html.erb (0.2ms)
  Rendered layouts/_footer.html.erb (0.1ms)
Completed 200 OK in 139ms (Views: 135.5ms | ActiveRecord: 0.2ms)
  [1m[36mActiveRecord::SchemaMigration Load (0.3ms)[0m  [1mSELECT "schema_migrations".* FROM "schema_migrations"[0m
Migrating to CreateReviews (20150504100621)
  [1m[35m (0.1ms)[0m  begin transaction
  [1m[36m (0.8ms)[0m  [1mCREATE TABLE "reviews" ("id" INTEGER PRIMARY KEY AUTOINCREMENT NOT NULL, "name" varchar(255), "stars" integer, "comment" text, "movie_id" integer, "created_at" datetime, "updated_at" datetime) [0m
  [1m[35m (0.1ms)[0m  select sqlite_version(*)
  [1m[36m (0.2ms)[0m  [1mCREATE  INDEX "index_reviews_on_movie_id" ON "reviews" ("movie_id")[0m
  [1m[35mSQL (0.4ms)[0m  INSERT INTO "schema_migrations" ("version") VALUES (?)  [["version", "20150504100621"]]
  [1m[36m (1.2ms)[0m  [1mcommit transaction[0m
  [1m[35mActiveRecord::SchemaMigration Load (0.2ms)[0m  SELECT "schema_migrations".* FROM "schema_migrations"
  [1m[36m (0.2ms)[0m  [1m            SELECT sql
            FROM sqlite_master
            WHERE name='index_reviews_on_movie_id' AND type='index'
            UNION ALL
            SELECT sql
            FROM sqlite_temp_master
            WHERE name='index_reviews_on_movie_id' AND type='index'
[0m
  [1m[36m (1.5ms)[0m  [1mCREATE TABLE "movies" ("id" INTEGER PRIMARY KEY AUTOINCREMENT NOT NULL, "title" varchar(255), "rating" varchar(255), "total_gross" decimal, "created_at" datetime, "updated_at" datetime, "description" text, "released_on" date, "cast" varchar(255), "director" varchar(255), "duration" varchar(255), "image_file_name" varchar(255)) [0m
  [1m[35m (1.2ms)[0m  CREATE TABLE "reviews" ("id" INTEGER PRIMARY KEY AUTOINCREMENT NOT NULL, "name" varchar(255), "stars" integer, "comment" text, "movie_id" integer, "created_at" datetime, "updated_at" datetime) 
  [1m[36m (0.2ms)[0m  [1mselect sqlite_version(*)[0m
  [1m[35m (1.2ms)[0m  CREATE  INDEX "index_reviews_on_movie_id" ON "reviews" ("movie_id")
  [1m[36m (1.3ms)[0m  [1mCREATE TABLE "schema_migrations" ("version" varchar(255) NOT NULL) [0m
  [1m[35m (1.0ms)[0m  CREATE UNIQUE INDEX "unique_schema_migrations" ON "schema_migrations" ("version")
  [1m[36m (0.2ms)[0m  [1mSELECT version FROM "schema_migrations"[0m
  [1m[35m (1.2ms)[0m  INSERT INTO "schema_migrations" (version) VALUES ('20150504100621')
  [1m[36m (1.3ms)[0m  [1mINSERT INTO "schema_migrations" (version) VALUES ('20121121163535')[0m
  [1m[35m (0.8ms)[0m  INSERT INTO "schema_migrations" (version) VALUES ('20121121180707')
  [1m[36m (0.8ms)[0m  [1mINSERT INTO "schema_migrations" (version) VALUES ('20121210234158')[0m
  [1m[36mMovie Load (0.4ms)[0m  [1mSELECT  "movies".* FROM "movies"  WHERE "movies"."id" = ? LIMIT 1[0m  [["id", 1]]
  [1m[35mReview Load (0.3ms)[0m  SELECT "reviews".* FROM "reviews"  WHERE "reviews"."movie_id" = ?  [["movie_id", 1]]
  [1m[36m (0.5ms)[0m  [1mbegin transaction[0m
  [1m[35mSQL (1.4ms)[0m  INSERT INTO "reviews" ("comment", "created_at", "movie_id", "name", "stars", "updated_at") VALUES (?, ?, ?, ?, ?, ?)  [["comment", "a littin sucky"], ["created_at", "2015-05-05 10:11:43.971078"], ["movie_id", 1], ["name", "fozzy mo fo bear"], ["stars", 3], ["updated_at", "2015-05-05 10:11:43.971078"]]
  [1m[36m (1.2ms)[0m  [1mcommit transaction[0m
  [1m[35mMovie Load (3.9ms)[0m  SELECT  "movies".* FROM "movies"  WHERE "movies"."id" = ? LIMIT 1  [["id", 1]]
  [1m[36mReview Load (0.5ms)[0m  [1mSELECT "reviews".* FROM "reviews"  WHERE "reviews"."movie_id" = ?[0m  [["movie_id", 1]]
  [1m[35m (0.2ms)[0m  begin transaction
  [1m[36mSQL (0.9ms)[0m  [1mINSERT INTO "reviews" ("comment", "created_at", "movie_id", "name", "stars", "updated_at") VALUES (?, ?, ?, ?, ?, ?)[0m  [["comment", "ummm not too bad"], ["created_at", "2015-05-05 10:21:46.347677"], ["movie_id", 1], ["name", "ronald Razaldy"], ["stars", 2], ["updated_at", "2015-05-05 10:21:46.347677"]]
  [1m[35m (1.0ms)[0m  commit transaction


Started POST "/users" for 127.0.0.1 at 2015-05-06 21:58:15 +1200
  [1m[36mActiveRecord::SchemaMigration Load (0.2ms)[0m  [1mSELECT "schema_migrations".* FROM "schema_migrations"[0m

ActionController::RoutingError (No route matches [POST] "/users"):
  actionpack (4.1.9) lib/action_dispatch/middleware/debug_exceptions.rb:21:in `call'
  actionpack (4.1.9) lib/action_dispatch/middleware/show_exceptions.rb:30:in `call'
  railties (4.1.9) lib/rails/rack/logger.rb:38:in `call_app'
  railties (4.1.9) lib/rails/rack/logger.rb:20:in `block in call'
  activesupport (4.1.9) lib/active_support/tagged_logging.rb:68:in `block in tagged'
  activesupport (4.1.9) lib/active_support/tagged_logging.rb:26:in `tagged'
  activesupport (4.1.9) lib/active_support/tagged_logging.rb:68:in `tagged'
  railties (4.1.9) lib/rails/rack/logger.rb:20:in `call'
  actionpack (4.1.9) lib/action_dispatch/middleware/request_id.rb:21:in `call'
  rack (1.5.2) lib/rack/methodoverride.rb:21:in `call'
  rack (1.5.2) lib/rack/runtime.rb:17:in `call'
  activesupport (4.1.9) lib/active_support/cache/strategy/local_cache_middleware.rb:26:in `call'
  rack (1.5.2) lib/rack/lock.rb:17:in `call'
  actionpack (4.1.9) lib/action_dispatch/middleware/static.rb:84:in `call'
  rack (1.5.2) lib/rack/sendfile.rb:112:in `call'
  railties (4.1.9) lib/rails/engine.rb:514:in `call'
  railties (4.1.9) lib/rails/application.rb:144:in `call'
  rack (1.5.2) lib/rack/lock.rb:17:in `call'
  rack (1.5.2) lib/rack/content_length.rb:14:in `call'
  rack (1.5.2) lib/rack/handler/webrick.rb:60:in `service'
  /Users/nickschofield/.rvm/rubies/ruby-2.0.0-p598/lib/ruby/2.0.0/webrick/httpserver.rb:138:in `service'
  /Users/nickschofield/.rvm/rubies/ruby-2.0.0-p598/lib/ruby/2.0.0/webrick/httpserver.rb:94:in `run'
  /Users/nickschofield/.rvm/rubies/ruby-2.0.0-p598/lib/ruby/2.0.0/webrick/server.rb:295:in `block in start_thread'


  Rendered /Users/nickschofield/.rvm/gems/ruby-2.0.0-p598/gems/actionpack-4.1.9/lib/action_dispatch/middleware/templates/rescues/_trace.html.erb (1.7ms)
  Rendered /Users/nickschofield/.rvm/gems/ruby-2.0.0-p598/gems/actionpack-4.1.9/lib/action_dispatch/middleware/templates/routes/_route.html.erb (2.2ms)
  Rendered /Users/nickschofield/.rvm/gems/ruby-2.0.0-p598/gems/actionpack-4.1.9/lib/action_dispatch/middleware/templates/routes/_table.html.erb (10.4ms)
  Rendered /Users/nickschofield/.rvm/gems/ruby-2.0.0-p598/gems/actionpack-4.1.9/lib/action_dispatch/middleware/templates/rescues/routing_error.html.erb within rescues/layout (49.8ms)


Started GET "/" for 127.0.0.1 at 2015-05-06 21:58:22 +1200
Processing by MoviesController#index as HTML
Completed 500 Internal Server Error in 20ms

SyntaxError (/Users/nickschofield/rails_studio/flix/app/models/movie.rb:4: syntax error, unexpected ':', expecting keyword_end
  validates: :title, :released_on, :duration, presence: true
            ^
/Users/nickschofield/rails_studio/flix/app/models/movie.rb:6: syntax error, unexpected ':', expecting keyword_end
  validates: :description, length: { minimum: 25 }
            ^
/Users/nickschofield/rails_studio/flix/app/models/movie.rb:8: syntax error, unexpected ':', expecting keyword_end
  validates: :total_gross, numericality: ...
            ^):
  app/models/movie.rb:4: syntax error, unexpected ':', expecting keyword_end
  app/models/movie.rb:6: syntax error, unexpected ':', expecting keyword_end
  app/models/movie.rb:8: syntax error, unexpected ':', expecting keyword_end
  app/controllers/movies_controller.rb:3:in `index'


  Rendered /Users/nickschofield/.rvm/gems/ruby-2.0.0-p598/gems/actionpack-4.1.9/lib/action_dispatch/middleware/templates/rescues/_source.erb (1.4ms)
  Rendered /Users/nickschofield/.rvm/gems/ruby-2.0.0-p598/gems/actionpack-4.1.9/lib/action_dispatch/middleware/templates/rescues/_trace.html.erb (1.5ms)
  Rendered /Users/nickschofield/.rvm/gems/ruby-2.0.0-p598/gems/actionpack-4.1.9/lib/action_dispatch/middleware/templates/rescues/_request_and_response.html.erb (1.5ms)
  Rendered /Users/nickschofield/.rvm/gems/ruby-2.0.0-p598/gems/actionpack-4.1.9/lib/action_dispatch/middleware/templates/rescues/diagnostics.erb within rescues/layout (24.9ms)


Started GET "/" for 127.0.0.1 at 2015-05-06 21:58:43 +1200
  [1m[36mActiveRecord::SchemaMigration Load (0.2ms)[0m  [1mSELECT "schema_migrations".* FROM "schema_migrations"[0m
Processing by MoviesController#index as HTML
Completed 500 Internal Server Error in 14ms

SyntaxError (/Users/nickschofield/rails_studio/flix/app/models/movie.rb:4: syntax error, unexpected ':', expecting keyword_end
  validates: :title, :released_on, :duration, presence: true
            ^
/Users/nickschofield/rails_studio/flix/app/models/movie.rb:6: syntax error, unexpected ':', expecting keyword_end
  validates: :description, length: { minimum: 25 }
            ^
/Users/nickschofield/rails_studio/flix/app/models/movie.rb:8: syntax error, unexpected ':', expecting keyword_end
  validates: :total_gross, numericality: ...
            ^):
  app/models/movie.rb:4: syntax error, unexpected ':', expecting keyword_end
  app/models/movie.rb:6: syntax error, unexpected ':', expecting keyword_end
  app/models/movie.rb:8: syntax error, unexpected ':', expecting keyword_end
  app/controllers/movies_controller.rb:3:in `index'


  Rendered /Users/nickschofield/.rvm/gems/ruby-2.0.0-p598/gems/actionpack-4.1.9/lib/action_dispatch/middleware/templates/rescues/_source.erb (1.2ms)
  Rendered /Users/nickschofield/.rvm/gems/ruby-2.0.0-p598/gems/actionpack-4.1.9/lib/action_dispatch/middleware/templates/rescues/_trace.html.erb (1.5ms)
  Rendered /Users/nickschofield/.rvm/gems/ruby-2.0.0-p598/gems/actionpack-4.1.9/lib/action_dispatch/middleware/templates/rescues/_request_and_response.html.erb (1.7ms)
  Rendered /Users/nickschofield/.rvm/gems/ruby-2.0.0-p598/gems/actionpack-4.1.9/lib/action_dispatch/middleware/templates/rescues/diagnostics.erb within rescues/layout (25.3ms)


Started GET "/" for 127.0.0.1 at 2015-05-06 21:59:44 +1200
Processing by MoviesController#index as HTML
  [1m[35mMovie Load (0.6ms)[0m  SELECT "movies".* FROM "movies"  WHERE (released_on <= '2015-05-06 09:59:44.951669')  ORDER BY released_on desc
  Rendered movies/index.html.erb within layouts/application (45.5ms)
  Rendered layouts/_header.html.erb (1.0ms)
  Rendered layouts/_sidebar.html.erb (1.6ms)
  Rendered layouts/_footer.html.erb (0.7ms)
Completed 200 OK in 469ms (Views: 453.9ms | ActiveRecord: 1.0ms)


Started GET "/assets/application.css?body=1" for 127.0.0.1 at 2015-05-06 21:59:45 +1200


Started GET "/assets/layout.css?body=1" for 127.0.0.1 at 2015-05-06 21:59:45 +1200


Started GET "/assets/movies.css?body=1" for 127.0.0.1 at 2015-05-06 21:59:45 +1200


Started GET "/assets/buttons.css?body=1" for 127.0.0.1 at 2015-05-06 21:59:45 +1200


Started GET "/assets/normalize.css?body=1" for 127.0.0.1 at 2015-05-06 21:59:45 +1200


Started GET "/assets/elements.css?body=1" for 127.0.0.1 at 2015-05-06 21:59:45 +1200


Started GET "/assets/forms.css?body=1" for 127.0.0.1 at 2015-05-06 21:59:45 +1200


Started GET "/assets/jquery.js?body=1" for 127.0.0.1 at 2015-05-06 21:59:45 +1200


Started GET "/assets/jquery_ujs.js?body=1" for 127.0.0.1 at 2015-05-06 21:59:45 +1200


Started GET "/assets/reviews.js?body=1" for 127.0.0.1 at 2015-05-06 21:59:45 +1200


Started GET "/assets/turbolinks.js?body=1" for 127.0.0.1 at 2015-05-06 21:59:45 +1200


Started GET "/assets/movies.js?body=1" for 127.0.0.1 at 2015-05-06 21:59:45 +1200


Started GET "/assets/application.js?body=1" for 127.0.0.1 at 2015-05-06 21:59:45 +1200


Started GET "/assets/ironman.jpg" for 127.0.0.1 at 2015-05-06 21:59:45 +1200


Started GET "/assets/catwoman.jpg" for 127.0.0.1 at 2015-05-06 21:59:45 +1200


Started GET "/assets/spiderman.jpg" for 127.0.0.1 at 2015-05-06 21:59:45 +1200


Started GET "/assets/superman.jpg" for 127.0.0.1 at 2015-05-06 21:59:45 +1200


Started GET "/assets/batman.jpg" for 127.0.0.1 at 2015-05-06 21:59:45 +1200


Started GET "/assets/logo.png" for 127.0.0.1 at 2015-05-06 21:59:45 +1200


Started GET "/assets/arrow.png" for 127.0.0.1 at 2015-05-06 21:59:45 +1200


Started GET "/assets/background.jpg" for 127.0.0.1 at 2015-05-06 21:59:45 +1200


Started GET "/assets/add.png" for 127.0.0.1 at 2015-05-06 21:59:45 +1200


Started GET "/movies/new" for 127.0.0.1 at 2015-05-06 21:59:50 +1200
Processing by MoviesController#new as HTML
  Rendered movies/_form.html.erb (16.6ms)
  Rendered movies/new.html.erb within layouts/application (18.4ms)
Completed 500 Internal Server Error in 23ms

ActionView::Template::Error (uninitialized constant Movie::RATINGS):
    11:       </li>
    12:       <li class="required">
    13:         <%= f.label :rating %>
    14:         <%= f.select :rating, Movie::RATINGS, prompt: "Pick one" %>
    15:       </li>
    16:       <li class="required">
    17:         <%= f.label :released_on %>
  app/views/movies/_form.html.erb:14:in `block in _app_views_movies__form_html_erb___2376378957387884117_70344632317420'
  app/views/movies/_form.html.erb:1:in `_app_views_movies__form_html_erb___2376378957387884117_70344632317420'
  app/views/movies/new.html.erb:5:in `_app_views_movies_new_html_erb__2844950428429294270_70344627796800'


  Rendered /Users/nickschofield/.rvm/gems/ruby-2.0.0-p598/gems/actionpack-4.1.9/lib/action_dispatch/middleware/templates/rescues/_trace.html.erb (64.2ms)
  Rendered /Users/nickschofield/.rvm/gems/ruby-2.0.0-p598/gems/actionpack-4.1.9/lib/action_dispatch/middleware/templates/rescues/_request_and_response.html.erb (1.2ms)
  Rendered /Users/nickschofield/.rvm/gems/ruby-2.0.0-p598/gems/actionpack-4.1.9/lib/action_dispatch/middleware/templates/rescues/template_error.html.erb within rescues/layout (78.9ms)


Started GET "/movies/new" for 127.0.0.1 at 2015-05-06 21:59:50 +1200
Processing by MoviesController#new as HTML
  Rendered movies/_form.html.erb (5.5ms)
  Rendered movies/new.html.erb within layouts/application (7.0ms)
Completed 500 Internal Server Error in 11ms

ActionView::Template::Error (uninitialized constant Movie::RATINGS):
    11:       </li>
    12:       <li class="required">
    13:         <%= f.label :rating %>
    14:         <%= f.select :rating, Movie::RATINGS, prompt: "Pick one" %>
    15:       </li>
    16:       <li class="required">
    17:         <%= f.label :released_on %>
  app/views/movies/_form.html.erb:14:in `block in _app_views_movies__form_html_erb___2376378957387884117_70344625166060'
  app/views/movies/_form.html.erb:1:in `_app_views_movies__form_html_erb___2376378957387884117_70344625166060'
  app/views/movies/new.html.erb:5:in `_app_views_movies_new_html_erb__2844950428429294270_70344624211100'


  Rendered /Users/nickschofield/.rvm/gems/ruby-2.0.0-p598/gems/actionpack-4.1.9/lib/action_dispatch/middleware/templates/rescues/_trace.html.erb (1.4ms)
  Rendered /Users/nickschofield/.rvm/gems/ruby-2.0.0-p598/gems/actionpack-4.1.9/lib/action_dispatch/middleware/templates/rescues/_request_and_response.html.erb (1.6ms)
  Rendered /Users/nickschofield/.rvm/gems/ruby-2.0.0-p598/gems/actionpack-4.1.9/lib/action_dispatch/middleware/templates/rescues/template_error.html.erb within rescues/layout (16.6ms)


Started GET "/movies/new" for 127.0.0.1 at 2015-05-06 22:00:43 +1200
Processing by MoviesController#new as HTML
  Rendered movies/_form.html.erb (29.3ms)
  Rendered movies/new.html.erb within layouts/application (30.1ms)
  Rendered layouts/_header.html.erb (0.3ms)
  Rendered layouts/_sidebar.html.erb (0.3ms)
  Rendered layouts/_footer.html.erb (0.1ms)
Completed 200 OK in 178ms (Views: 170.4ms | ActiveRecord: 0.7ms)


Started GET "/assets/normalize.css?body=1" for 127.0.0.1 at 2015-05-06 22:00:44 +1200


Started GET "/assets/layout.css?body=1" for 127.0.0.1 at 2015-05-06 22:00:44 +1200


Started GET "/assets/movies.css?body=1" for 127.0.0.1 at 2015-05-06 22:00:44 +1200


Started GET "/assets/elements.css?body=1" for 127.0.0.1 at 2015-05-06 22:00:44 +1200


Started GET "/assets/buttons.css?body=1" for 127.0.0.1 at 2015-05-06 22:00:44 +1200


Started GET "/assets/application.css?body=1" for 127.0.0.1 at 2015-05-06 22:00:44 +1200


Started GET "/assets/forms.css?body=1" for 127.0.0.1 at 2015-05-06 22:00:44 +1200


Started GET "/assets/jquery.js?body=1" for 127.0.0.1 at 2015-05-06 22:00:44 +1200


Started GET "/assets/turbolinks.js?body=1" for 127.0.0.1 at 2015-05-06 22:00:44 +1200


Started GET "/assets/jquery_ujs.js?body=1" for 127.0.0.1 at 2015-05-06 22:00:44 +1200


Started GET "/assets/movies.js?body=1" for 127.0.0.1 at 2015-05-06 22:00:44 +1200


Started GET "/assets/reviews.js?body=1" for 127.0.0.1 at 2015-05-06 22:00:44 +1200


Started GET "/assets/application.js?body=1" for 127.0.0.1 at 2015-05-06 22:00:44 +1200
  [1m[36m (1.9ms)[0m  [1mbegin transaction[0m
  [1m[35m (0.2ms)[0m  rollback transaction


Started POST "/movies" for 127.0.0.1 at 2015-05-09 12:21:07 +1200
Processing by MoviesController#create as HTML
  Parameters: {"utf8"=>"✓", "authenticity_token"=>"BiRbX0GgSS1vlBVgQjkk5GPTWIVwmxsuulcXHy9QN5U=", "movie"=>{"title"=>"", "description"=>"", "rating"=>"", "released_on(1i)"=>"2015", "released_on(2i)"=>"5", "released_on(3i)"=>"6", "total_gross"=>"", "duration"=>"", "image_file_name"=>"", "cast"=>"", "director"=>""}, "commit"=>"Create Movie"}
  [1m[36m (0.3ms)[0m  [1mbegin transaction[0m
  [1m[35m (0.1ms)[0m  rollback transaction
Redirected to http://localhost:3000/movies
Completed 302 Found in 242ms (ActiveRecord: 2.2ms)


Started GET "/movies" for 127.0.0.1 at 2015-05-09 12:21:07 +1200
Processing by MoviesController#index as HTML
  [1m[36mMovie Load (0.8ms)[0m  [1mSELECT "movies".* FROM "movies"  WHERE (released_on <= '2015-05-09 00:21:07.434865')  ORDER BY released_on desc[0m
  Rendered movies/index.html.erb within layouts/application (9.3ms)
  Rendered layouts/_header.html.erb (0.3ms)
  Rendered layouts/_sidebar.html.erb (0.3ms)
  Rendered layouts/_footer.html.erb (0.1ms)
Completed 200 OK in 108ms (Views: 104.9ms | ActiveRecord: 0.8ms)


Started GET "/assets/application.css?body=1" for 127.0.0.1 at 2015-05-09 12:21:07 +1200


Started GET "/assets/normalize.css?body=1" for 127.0.0.1 at 2015-05-09 12:21:07 +1200


Started GET "/assets/layout.css?body=1" for 127.0.0.1 at 2015-05-09 12:21:07 +1200


Started GET "/assets/elements.css?body=1" for 127.0.0.1 at 2015-05-09 12:21:07 +1200


Started GET "/assets/forms.css?body=1" for 127.0.0.1 at 2015-05-09 12:21:07 +1200


Started GET "/assets/jquery.js?body=1" for 127.0.0.1 at 2015-05-09 12:21:07 +1200


Started GET "/assets/movies.css?body=1" for 127.0.0.1 at 2015-05-09 12:21:07 +1200


Started GET "/assets/buttons.css?body=1" for 127.0.0.1 at 2015-05-09 12:21:07 +1200


Started GET "/assets/jquery_ujs.js?body=1" for 127.0.0.1 at 2015-05-09 12:21:07 +1200


Started GET "/assets/movies.js?body=1" for 127.0.0.1 at 2015-05-09 12:21:07 +1200


Started GET "/assets/turbolinks.js?body=1" for 127.0.0.1 at 2015-05-09 12:21:07 +1200


Started GET "/assets/reviews.js?body=1" for 127.0.0.1 at 2015-05-09 12:21:07 +1200


Started GET "/assets/application.js?body=1" for 127.0.0.1 at 2015-05-09 12:21:07 +1200


Started GET "/assets/ironman.jpg" for 127.0.0.1 at 2015-05-09 12:21:07 +1200


Started GET "/assets/spiderman.jpg" for 127.0.0.1 at 2015-05-09 12:21:07 +1200


Started GET "/assets/batman.jpg" for 127.0.0.1 at 2015-05-09 12:21:07 +1200


Started GET "/assets/superman.jpg" for 127.0.0.1 at 2015-05-09 12:21:07 +1200


Started GET "/assets/catwoman.jpg" for 127.0.0.1 at 2015-05-09 12:21:07 +1200


Started GET "/movies" for 127.0.0.1 at 2015-05-09 12:21:11 +1200
Processing by MoviesController#index as HTML
  [1m[35mMovie Load (0.5ms)[0m  SELECT "movies".* FROM "movies"  WHERE (released_on <= '2015-05-09 00:21:11.287461')  ORDER BY released_on desc
  Rendered movies/index.html.erb within layouts/application (13.9ms)
  Rendered layouts/_header.html.erb (0.7ms)
  Rendered layouts/_sidebar.html.erb (0.8ms)
  Rendered layouts/_footer.html.erb (0.5ms)
Completed 200 OK in 205ms (Views: 202.0ms | ActiveRecord: 0.5ms)


Started GET "/movies" for 127.0.0.1 at 2015-05-09 12:21:12 +1200
Processing by MoviesController#index as HTML
  [1m[36mMovie Load (0.3ms)[0m  [1mSELECT "movies".* FROM "movies"  WHERE (released_on <= '2015-05-09 00:21:12.832364')  ORDER BY released_on desc[0m
  Rendered movies/index.html.erb within layouts/application (6.1ms)
  Rendered layouts/_header.html.erb (0.3ms)
  Rendered layouts/_sidebar.html.erb (0.3ms)
  Rendered layouts/_footer.html.erb (0.1ms)
Completed 200 OK in 120ms (Views: 118.1ms | ActiveRecord: 0.3ms)


Started GET "/movies/new" for 127.0.0.1 at 2015-05-09 12:21:14 +1200
Processing by MoviesController#new as HTML
  Rendered movies/_form.html.erb (9.7ms)
  Rendered movies/new.html.erb within layouts/application (11.3ms)
  Rendered layouts/_header.html.erb (0.2ms)
  Rendered layouts/_sidebar.html.erb (0.3ms)
  Rendered layouts/_footer.html.erb (0.1ms)
Completed 200 OK in 144ms (Views: 143.0ms | ActiveRecord: 0.0ms)


Started POST "/movies" for 127.0.0.1 at 2015-05-09 12:21:16 +1200
Processing by MoviesController#create as HTML
  Parameters: {"utf8"=>"✓", "authenticity_token"=>"BiRbX0GgSS1vlBVgQjkk5GPTWIVwmxsuulcXHy9QN5U=", "movie"=>{"title"=>"", "description"=>"", "rating"=>"", "released_on(1i)"=>"2015", "released_on(2i)"=>"5", "released_on(3i)"=>"9", "total_gross"=>"", "duration"=>"", "image_file_name"=>"", "cast"=>"", "director"=>""}, "commit"=>"Create Movie"}
  [1m[35m (0.1ms)[0m  begin transaction
  [1m[36m (0.1ms)[0m  [1mrollback transaction[0m
Redirected to http://localhost:3000/movies
Completed 302 Found in 7ms (ActiveRecord: 0.2ms)


Started GET "/movies" for 127.0.0.1 at 2015-05-09 12:21:16 +1200
Processing by MoviesController#index as HTML
  [1m[35mMovie Load (0.3ms)[0m  SELECT "movies".* FROM "movies"  WHERE (released_on <= '2015-05-09 00:21:16.620276')  ORDER BY released_on desc
  Rendered movies/index.html.erb within layouts/application (68.9ms)
  Rendered layouts/_header.html.erb (0.2ms)
  Rendered layouts/_sidebar.html.erb (0.2ms)
  Rendered layouts/_footer.html.erb (0.1ms)
Completed 200 OK in 147ms (Views: 145.3ms | ActiveRecord: 0.3ms)


Started GET "/assets/application.css?body=1" for 127.0.0.1 at 2015-05-09 12:21:16 +1200


Started GET "/assets/normalize.css?body=1" for 127.0.0.1 at 2015-05-09 12:21:16 +1200


Started GET "/assets/elements.css?body=1" for 127.0.0.1 at 2015-05-09 12:21:16 +1200


Started GET "/assets/buttons.css?body=1" for 127.0.0.1 at 2015-05-09 12:21:16 +1200


Started GET "/assets/layout.css?body=1" for 127.0.0.1 at 2015-05-09 12:21:16 +1200


Started GET "/assets/movies.css?body=1" for 127.0.0.1 at 2015-05-09 12:21:16 +1200


Started GET "/assets/forms.css?body=1" for 127.0.0.1 at 2015-05-09 12:21:16 +1200


Started GET "/assets/jquery_ujs.js?body=1" for 127.0.0.1 at 2015-05-09 12:21:16 +1200


Started GET "/assets/jquery.js?body=1" for 127.0.0.1 at 2015-05-09 12:21:16 +1200


Started GET "/assets/turbolinks.js?body=1" for 127.0.0.1 at 2015-05-09 12:21:17 +1200


Started GET "/assets/movies.js?body=1" for 127.0.0.1 at 2015-05-09 12:21:17 +1200


Started GET "/assets/reviews.js?body=1" for 127.0.0.1 at 2015-05-09 12:21:17 +1200


Started GET "/assets/application.js?body=1" for 127.0.0.1 at 2015-05-09 12:21:17 +1200


Started GET "/movies/new" for 127.0.0.1 at 2015-05-09 12:21:19 +1200
Processing by MoviesController#new as HTML
  Rendered movies/_form.html.erb (8.3ms)
  Rendered movies/new.html.erb within layouts/application (9.3ms)
  Rendered layouts/_header.html.erb (0.2ms)
  Rendered layouts/_sidebar.html.erb (0.2ms)
  Rendered layouts/_footer.html.erb (0.1ms)
Completed 200 OK in 136ms (Views: 134.5ms | ActiveRecord: 0.0ms)


Started POST "/movies" for 127.0.0.1 at 2015-05-09 12:21:28 +1200
Processing by MoviesController#create as HTML
  Parameters: {"utf8"=>"✓", "authenticity_token"=>"BiRbX0GgSS1vlBVgQjkk5GPTWIVwmxsuulcXHy9QN5U=", "movie"=>{"title"=>"", "description"=>"aaa", "rating"=>"PG", "released_on(1i)"=>"2015", "released_on(2i)"=>"5", "released_on(3i)"=>"9", "total_gross"=>"2", "duration"=>"", "image_file_name"=>"", "cast"=>"", "director"=>""}, "commit"=>"Create Movie"}
  [1m[36m (0.2ms)[0m  [1mbegin transaction[0m
  [1m[35m (0.1ms)[0m  rollback transaction
Redirected to http://localhost:3000/movies
Completed 302 Found in 8ms (ActiveRecord: 0.3ms)


Started GET "/movies" for 127.0.0.1 at 2015-05-09 12:21:28 +1200
Processing by MoviesController#index as HTML
  [1m[36mMovie Load (0.5ms)[0m  [1mSELECT "movies".* FROM "movies"  WHERE (released_on <= '2015-05-09 00:21:28.320113')  ORDER BY released_on desc[0m
  Rendered movies/index.html.erb within layouts/application (5.4ms)
  Rendered layouts/_header.html.erb (0.3ms)
  Rendered layouts/_sidebar.html.erb (0.2ms)
  Rendered layouts/_footer.html.erb (0.1ms)
Completed 200 OK in 160ms (Views: 158.5ms | ActiveRecord: 0.5ms)


Started GET "/assets/normalize.css?body=1" for 127.0.0.1 at 2015-05-09 12:21:28 +1200


Started GET "/assets/application.css?body=1" for 127.0.0.1 at 2015-05-09 12:21:28 +1200


Started GET "/assets/elements.css?body=1" for 127.0.0.1 at 2015-05-09 12:21:28 +1200


Started GET "/assets/layout.css?body=1" for 127.0.0.1 at 2015-05-09 12:21:28 +1200


Started GET "/assets/buttons.css?body=1" for 127.0.0.1 at 2015-05-09 12:21:28 +1200


Started GET "/assets/movies.css?body=1" for 127.0.0.1 at 2015-05-09 12:21:28 +1200


Started GET "/assets/forms.css?body=1" for 127.0.0.1 at 2015-05-09 12:21:28 +1200


Started GET "/assets/jquery.js?body=1" for 127.0.0.1 at 2015-05-09 12:21:28 +1200


Started GET "/assets/jquery_ujs.js?body=1" for 127.0.0.1 at 2015-05-09 12:21:28 +1200


Started GET "/assets/turbolinks.js?body=1" for 127.0.0.1 at 2015-05-09 12:21:28 +1200


Started GET "/assets/movies.js?body=1" for 127.0.0.1 at 2015-05-09 12:21:28 +1200


Started GET "/assets/reviews.js?body=1" for 127.0.0.1 at 2015-05-09 12:21:28 +1200


Started GET "/assets/application.js?body=1" for 127.0.0.1 at 2015-05-09 12:21:28 +1200


Started GET "/movies/new" for 127.0.0.1 at 2015-05-09 21:46:35 +1200
Processing by MoviesController#new as HTML
  Rendered movies/_form.html.erb (40.3ms)
  Rendered movies/new.html.erb within layouts/application (43.2ms)
  Rendered layouts/_header.html.erb (0.3ms)
  Rendered layouts/_sidebar.html.erb (0.3ms)
  Rendered layouts/_footer.html.erb (0.1ms)
Completed 200 OK in 305ms (Views: 281.8ms | ActiveRecord: 1.3ms)


Started POST "/movies" for 127.0.0.1 at 2015-05-09 21:46:50 +1200
Processing by MoviesController#create as HTML
  Parameters: {"utf8"=>"✓", "authenticity_token"=>"BiRbX0GgSS1vlBVgQjkk5GPTWIVwmxsuulcXHy9QN5U=", "movie"=>{"title"=>"Tan", "description"=>"YES", "rating"=>"PG", "released_on(1i)"=>"2016", "released_on(2i)"=>"5", "released_on(3i)"=>"9", "total_gross"=>"2", "duration"=>"", "image_file_name"=>"", "cast"=>"", "director"=>""}, "commit"=>"Create Movie"}
  [1m[35m (1.5ms)[0m  begin transaction
  [1m[36m (0.1ms)[0m  [1mrollback transaction[0m
  Rendered movies/_form.html.erb (92.8ms)
  Rendered movies/new.html.erb within layouts/application (94.2ms)
  Rendered layouts/_header.html.erb (0.3ms)
  Rendered layouts/_sidebar.html.erb (0.2ms)
  Rendered layouts/_footer.html.erb (0.1ms)
Completed 200 OK in 210ms (Views: 197.4ms | ActiveRecord: 1.6ms)


Started GET "/assets/application.css?body=1" for 127.0.0.1 at 2015-05-09 21:46:51 +1200


Started GET "/assets/normalize.css?body=1" for 127.0.0.1 at 2015-05-09 21:46:51 +1200


Started GET "/assets/layout.css?body=1" for 127.0.0.1 at 2015-05-09 21:46:51 +1200


Started GET "/assets/elements.css?body=1" for 127.0.0.1 at 2015-05-09 21:46:51 +1200


Started GET "/assets/movies.css?body=1" for 127.0.0.1 at 2015-05-09 21:46:51 +1200


Started GET "/assets/buttons.css?body=1" for 127.0.0.1 at 2015-05-09 21:46:51 +1200


Started GET "/assets/jquery.js?body=1" for 127.0.0.1 at 2015-05-09 21:46:51 +1200


Started GET "/assets/forms.css?body=1" for 127.0.0.1 at 2015-05-09 21:46:51 +1200


Started GET "/assets/jquery_ujs.js?body=1" for 127.0.0.1 at 2015-05-09 21:46:51 +1200


Started GET "/assets/turbolinks.js?body=1" for 127.0.0.1 at 2015-05-09 21:46:51 +1200


Started GET "/assets/movies.js?body=1" for 127.0.0.1 at 2015-05-09 21:46:51 +1200


Started GET "/assets/reviews.js?body=1" for 127.0.0.1 at 2015-05-09 21:46:51 +1200


Started GET "/assets/application.js?body=1" for 127.0.0.1 at 2015-05-09 21:46:51 +1200


Started POST "/movies" for 127.0.0.1 at 2015-05-09 21:47:30 +1200
Processing by MoviesController#create as HTML
  Parameters: {"utf8"=>"✓", "authenticity_token"=>"BiRbX0GgSS1vlBVgQjkk5GPTWIVwmxsuulcXHy9QN5U=", "movie"=>{"title"=>"Tan", "description"=>"Yes it was an OK movie and I would recommend it to anyone who thinks Tan can act.", "rating"=>"PG", "released_on(1i)"=>"2016", "released_on(2i)"=>"5", "released_on(3i)"=>"9", "total_gross"=>"2", "duration"=>"2 hours", "image_file_name"=>"", "cast"=>"", "director"=>""}, "commit"=>"Create Movie"}
  [1m[35m (0.1ms)[0m  begin transaction
  [1m[36mSQL (1.5ms)[0m  [1mINSERT INTO "movies" ("cast", "created_at", "description", "director", "duration", "image_file_name", "rating", "released_on", "title", "total_gross", "updated_at") VALUES (?, ?, ?, ?, ?, ?, ?, ?, ?, ?, ?)[0m  [["cast", ""], ["created_at", "2015-05-09 09:47:30.068770"], ["description", "Yes it was an OK movie and I would recommend it to anyone who thinks Tan can act."], ["director", ""], ["duration", "2 hours"], ["image_file_name", ""], ["rating", "PG"], ["released_on", "2016-05-09"], ["title", "Tan"], ["total_gross", 2.0], ["updated_at", "2015-05-09 09:47:30.068770"]]
  [1m[35m (0.8ms)[0m  commit transaction
Redirected to http://localhost:3000/movies/8
Completed 302 Found in 24ms (ActiveRecord: 2.5ms)


Started GET "/movies/8" for 127.0.0.1 at 2015-05-09 21:47:30 +1200
Processing by MoviesController#show as HTML
  Parameters: {"id"=>"8"}
  [1m[36mMovie Load (0.3ms)[0m  [1mSELECT  "movies".* FROM "movies"  WHERE "movies"."id" = ? LIMIT 1[0m  [["id", 8]]
  Rendered movies/show.html.erb within layouts/application (12.0ms)
  Rendered layouts/_header.html.erb (0.5ms)
  Rendered layouts/_sidebar.html.erb (0.3ms)
  Rendered layouts/_footer.html.erb (0.1ms)
Completed 200 OK in 212ms (Views: 203.1ms | ActiveRecord: 0.3ms)


Started GET "/assets/application.css?body=1" for 127.0.0.1 at 2015-05-09 21:47:30 +1200


Started GET "/assets/normalize.css?body=1" for 127.0.0.1 at 2015-05-09 21:47:30 +1200


Started GET "/assets/layout.css?body=1" for 127.0.0.1 at 2015-05-09 21:47:30 +1200


Started GET "/assets/elements.css?body=1" for 127.0.0.1 at 2015-05-09 21:47:30 +1200


Started GET "/assets/movies.css?body=1" for 127.0.0.1 at 2015-05-09 21:47:30 +1200


Started GET "/assets/forms.css?body=1" for 127.0.0.1 at 2015-05-09 21:47:30 +1200


Started GET "/assets/buttons.css?body=1" for 127.0.0.1 at 2015-05-09 21:47:30 +1200


Started GET "/assets/jquery.js?body=1" for 127.0.0.1 at 2015-05-09 21:47:30 +1200


Started GET "/assets/jquery_ujs.js?body=1" for 127.0.0.1 at 2015-05-09 21:47:30 +1200


Started GET "/assets/turbolinks.js?body=1" for 127.0.0.1 at 2015-05-09 21:47:30 +1200


Started GET "/assets/movies.js?body=1" for 127.0.0.1 at 2015-05-09 21:47:30 +1200


Started GET "/assets/application.js?body=1" for 127.0.0.1 at 2015-05-09 21:47:30 +1200


Started GET "/assets/reviews.js?body=1" for 127.0.0.1 at 2015-05-09 21:47:30 +1200


Started GET "/assets/placeholder.png" for 127.0.0.1 at 2015-05-09 21:47:30 +1200


Started GET "/movies" for 127.0.0.1 at 2015-05-09 21:47:40 +1200
Processing by MoviesController#index as HTML
  [1m[35mMovie Load (0.3ms)[0m  SELECT "movies".* FROM "movies"  WHERE (released_on <= '2015-05-09 09:47:40.202909')  ORDER BY released_on desc
  Rendered movies/index.html.erb within layouts/application (6.7ms)
  Rendered layouts/_header.html.erb (0.2ms)
  Rendered layouts/_sidebar.html.erb (0.2ms)
  Rendered layouts/_footer.html.erb (0.1ms)
Completed 200 OK in 88ms (Views: 86.3ms | ActiveRecord: 0.3ms)


Started GET "/movies/1" for 127.0.0.1 at 2015-05-09 21:47:57 +1200
Processing by MoviesController#show as HTML
  Parameters: {"id"=>"1"}
  [1m[36mMovie Load (0.2ms)[0m  [1mSELECT  "movies".* FROM "movies"  WHERE "movies"."id" = ? LIMIT 1[0m  [["id", 1]]
  Rendered movies/show.html.erb within layouts/application (4.1ms)
  Rendered layouts/_header.html.erb (0.2ms)
  Rendered layouts/_sidebar.html.erb (0.2ms)
  Rendered layouts/_footer.html.erb (0.1ms)
Completed 200 OK in 155ms (Views: 153.0ms | ActiveRecord: 0.2ms)


Started GET "/movies/2" for 127.0.0.1 at 2015-05-09 21:48:01 +1200
Processing by MoviesController#show as HTML
  Parameters: {"id"=>"2"}
  [1m[35mMovie Load (0.3ms)[0m  SELECT  "movies".* FROM "movies"  WHERE "movies"."id" = ? LIMIT 1  [["id", 2]]
  Rendered movies/show.html.erb within layouts/application (2.3ms)
  Rendered layouts/_header.html.erb (0.2ms)
  Rendered layouts/_sidebar.html.erb (0.3ms)
  Rendered layouts/_footer.html.erb (0.1ms)
Completed 200 OK in 172ms (Views: 168.2ms | ActiveRecord: 0.3ms)


Started GET "/assets/superman.jpg" for 127.0.0.1 at 2015-05-09 21:48:01 +1200


Started GET "/movies/6/edit" for 127.0.0.1 at 2015-05-09 21:48:16 +1200
Processing by MoviesController#edit as HTML
  Parameters: {"id"=>"6"}
  [1m[36mMovie Load (0.4ms)[0m  [1mSELECT  "movies".* FROM "movies"  WHERE "movies"."id" = ? LIMIT 1[0m  [["id", 6]]
  Rendered movies/_form.html.erb (13.0ms)
  Rendered movies/edit.html.erb within layouts/application (15.2ms)
  Rendered layouts/_header.html.erb (0.2ms)
  Rendered layouts/_sidebar.html.erb (0.2ms)
  Rendered layouts/_footer.html.erb (0.1ms)
Completed 200 OK in 150ms (Views: 147.1ms | ActiveRecord: 0.4ms)


Started GET "/assets/normalize.css?body=1" for 127.0.0.1 at 2015-05-09 21:48:16 +1200


Started GET "/assets/application.css?body=1" for 127.0.0.1 at 2015-05-09 21:48:16 +1200


Started GET "/assets/layout.css?body=1" for 127.0.0.1 at 2015-05-09 21:48:16 +1200


Started GET "/assets/buttons.css?body=1" for 127.0.0.1 at 2015-05-09 21:48:16 +1200


Started GET "/assets/movies.css?body=1" for 127.0.0.1 at 2015-05-09 21:48:16 +1200


Started GET "/assets/elements.css?body=1" for 127.0.0.1 at 2015-05-09 21:48:16 +1200


Started GET "/assets/forms.css?body=1" for 127.0.0.1 at 2015-05-09 21:48:16 +1200


Started GET "/assets/jquery_ujs.js?body=1" for 127.0.0.1 at 2015-05-09 21:48:16 +1200


Started GET "/assets/turbolinks.js?body=1" for 127.0.0.1 at 2015-05-09 21:48:16 +1200


Started GET "/assets/jquery.js?body=1" for 127.0.0.1 at 2015-05-09 21:48:16 +1200


Started GET "/assets/movies.js?body=1" for 127.0.0.1 at 2015-05-09 21:48:16 +1200


Started GET "/assets/reviews.js?body=1" for 127.0.0.1 at 2015-05-09 21:48:16 +1200


Started GET "/assets/application.js?body=1" for 127.0.0.1 at 2015-05-09 21:48:16 +1200


Started GET "/assets/logo.png" for 127.0.0.1 at 2015-05-09 21:48:16 +1200


Started GET "/assets/arrow.png" for 127.0.0.1 at 2015-05-09 21:48:16 +1200


Started GET "/assets/background.jpg" for 127.0.0.1 at 2015-05-09 21:48:16 +1200


Started GET "/assets/add.png" for 127.0.0.1 at 2015-05-09 21:48:16 +1200


Started GET "/movies7" for 127.0.0.1 at 2015-05-09 21:48:22 +1200

ActionController::RoutingError (No route matches [GET] "/movies7"):
  actionpack (4.1.9) lib/action_dispatch/middleware/debug_exceptions.rb:21:in `call'
  actionpack (4.1.9) lib/action_dispatch/middleware/show_exceptions.rb:30:in `call'
  railties (4.1.9) lib/rails/rack/logger.rb:38:in `call_app'
  railties (4.1.9) lib/rails/rack/logger.rb:20:in `block in call'
  activesupport (4.1.9) lib/active_support/tagged_logging.rb:68:in `block in tagged'
  activesupport (4.1.9) lib/active_support/tagged_logging.rb:26:in `tagged'
  activesupport (4.1.9) lib/active_support/tagged_logging.rb:68:in `tagged'
  railties (4.1.9) lib/rails/rack/logger.rb:20:in `call'
  actionpack (4.1.9) lib/action_dispatch/middleware/request_id.rb:21:in `call'
  rack (1.5.2) lib/rack/methodoverride.rb:21:in `call'
  rack (1.5.2) lib/rack/runtime.rb:17:in `call'
  activesupport (4.1.9) lib/active_support/cache/strategy/local_cache_middleware.rb:26:in `call'
  rack (1.5.2) lib/rack/lock.rb:17:in `call'
  actionpack (4.1.9) lib/action_dispatch/middleware/static.rb:84:in `call'
  rack (1.5.2) lib/rack/sendfile.rb:112:in `call'
  railties (4.1.9) lib/rails/engine.rb:514:in `call'
  railties (4.1.9) lib/rails/application.rb:144:in `call'
  rack (1.5.2) lib/rack/lock.rb:17:in `call'
  rack (1.5.2) lib/rack/content_length.rb:14:in `call'
  rack (1.5.2) lib/rack/handler/webrick.rb:60:in `service'
  /Users/nickschofield/.rvm/rubies/ruby-2.0.0-p598/lib/ruby/2.0.0/webrick/httpserver.rb:138:in `service'
  /Users/nickschofield/.rvm/rubies/ruby-2.0.0-p598/lib/ruby/2.0.0/webrick/httpserver.rb:94:in `run'
  /Users/nickschofield/.rvm/rubies/ruby-2.0.0-p598/lib/ruby/2.0.0/webrick/server.rb:295:in `block in start_thread'


  Rendered /Users/nickschofield/.rvm/gems/ruby-2.0.0-p598/gems/actionpack-4.1.9/lib/action_dispatch/middleware/templates/rescues/_trace.html.erb (4.7ms)
  Rendered /Users/nickschofield/.rvm/gems/ruby-2.0.0-p598/gems/actionpack-4.1.9/lib/action_dispatch/middleware/templates/routes/_route.html.erb (5.8ms)
  Rendered /Users/nickschofield/.rvm/gems/ruby-2.0.0-p598/gems/actionpack-4.1.9/lib/action_dispatch/middleware/templates/routes/_table.html.erb (27.9ms)
  Rendered /Users/nickschofield/.rvm/gems/ruby-2.0.0-p598/gems/actionpack-4.1.9/lib/action_dispatch/middleware/templates/rescues/routing_error.html.erb within rescues/layout (79.2ms)


Started GET "/movies/7" for 127.0.0.1 at 2015-05-09 21:48:28 +1200
Processing by MoviesController#show as HTML
  Parameters: {"id"=>"7"}
  [1m[35mMovie Load (0.2ms)[0m  SELECT  "movies".* FROM "movies"  WHERE "movies"."id" = ? LIMIT 1  [["id", 7]]
Completed 404 Not Found in 4ms

ActiveRecord::RecordNotFound (Couldn't find Movie with 'id'=7):
  app/controllers/movies_controller.rb:7:in `show'


  Rendered /Users/nickschofield/.rvm/gems/ruby-2.0.0-p598/gems/actionpack-4.1.9/lib/action_dispatch/middleware/templates/rescues/_source.erb (1.1ms)
  Rendered /Users/nickschofield/.rvm/gems/ruby-2.0.0-p598/gems/actionpack-4.1.9/lib/action_dispatch/middleware/templates/rescues/_trace.html.erb (1.6ms)
  Rendered /Users/nickschofield/.rvm/gems/ruby-2.0.0-p598/gems/actionpack-4.1.9/lib/action_dispatch/middleware/templates/rescues/_request_and_response.html.erb (1.8ms)
  Rendered /Users/nickschofield/.rvm/gems/ruby-2.0.0-p598/gems/actionpack-4.1.9/lib/action_dispatch/middleware/templates/rescues/diagnostics.erb within rescues/layout (34.4ms)


Started GET "/movies/6" for 127.0.0.1 at 2015-05-09 21:48:35 +1200
Processing by MoviesController#show as HTML
  Parameters: {"id"=>"6"}
  [1m[36mMovie Load (0.3ms)[0m  [1mSELECT  "movies".* FROM "movies"  WHERE "movies"."id" = ? LIMIT 1[0m  [["id", 6]]
  Rendered movies/show.html.erb within layouts/application (11.7ms)
  Rendered layouts/_header.html.erb (0.2ms)
  Rendered layouts/_sidebar.html.erb (0.2ms)
  Rendered layouts/_footer.html.erb (0.1ms)
Completed 200 OK in 102ms (Views: 98.0ms | ActiveRecord: 0.3ms)


Started GET "/assets/normalize.css?body=1" for 127.0.0.1 at 2015-05-09 21:48:35 +1200


Started GET "/assets/application.css?body=1" for 127.0.0.1 at 2015-05-09 21:48:35 +1200


Started GET "/assets/movies.css?body=1" for 127.0.0.1 at 2015-05-09 21:48:35 +1200


Started GET "/assets/layout.css?body=1" for 127.0.0.1 at 2015-05-09 21:48:35 +1200


Started GET "/assets/buttons.css?body=1" for 127.0.0.1 at 2015-05-09 21:48:35 +1200


Started GET "/assets/elements.css?body=1" for 127.0.0.1 at 2015-05-09 21:48:35 +1200


Started GET "/assets/forms.css?body=1" for 127.0.0.1 at 2015-05-09 21:48:35 +1200


Started GET "/assets/jquery_ujs.js?body=1" for 127.0.0.1 at 2015-05-09 21:48:35 +1200


Started GET "/assets/jquery.js?body=1" for 127.0.0.1 at 2015-05-09 21:48:35 +1200


Started GET "/assets/turbolinks.js?body=1" for 127.0.0.1 at 2015-05-09 21:48:35 +1200


Started GET "/assets/movies.js?body=1" for 127.0.0.1 at 2015-05-09 21:48:35 +1200


Started GET "/assets/reviews.js?body=1" for 127.0.0.1 at 2015-05-09 21:48:35 +1200


Started GET "/assets/application.js?body=1" for 127.0.0.1 at 2015-05-09 21:48:35 +1200


Started GET "/assets/batman-vs-godzilla.jpg" for 127.0.0.1 at 2015-05-09 21:48:35 +1200
  [1m[36mMovie Load (7.0ms)[0m  [1mSELECT "movies".* FROM "movies"[0m


Started GET "/movies/8" for 127.0.0.1 at 2015-05-09 21:49:11 +1200
Processing by MoviesController#show as HTML
  Parameters: {"id"=>"8"}
  [1m[35mMovie Load (0.3ms)[0m  SELECT  "movies".* FROM "movies"  WHERE "movies"."id" = ? LIMIT 1  [["id", 8]]
  Rendered movies/show.html.erb within layouts/application (1.7ms)
  Rendered layouts/_header.html.erb (0.3ms)
  Rendered layouts/_sidebar.html.erb (0.2ms)
  Rendered layouts/_footer.html.erb (0.1ms)
Completed 200 OK in 186ms (Views: 181.8ms | ActiveRecord: 0.3ms)


Started GET "/assets/normalize.css?body=1" for 127.0.0.1 at 2015-05-09 21:49:11 +1200


Started GET "/assets/application.css?body=1" for 127.0.0.1 at 2015-05-09 21:49:11 +1200


Started GET "/assets/layout.css?body=1" for 127.0.0.1 at 2015-05-09 21:49:11 +1200


Started GET "/assets/buttons.css?body=1" for 127.0.0.1 at 2015-05-09 21:49:11 +1200


Started GET "/assets/elements.css?body=1" for 127.0.0.1 at 2015-05-09 21:49:11 +1200


Started GET "/assets/movies.css?body=1" for 127.0.0.1 at 2015-05-09 21:49:11 +1200


Started GET "/assets/forms.css?body=1" for 127.0.0.1 at 2015-05-09 21:49:11 +1200


Started GET "/assets/jquery.js?body=1" for 127.0.0.1 at 2015-05-09 21:49:11 +1200


Started GET "/assets/jquery_ujs.js?body=1" for 127.0.0.1 at 2015-05-09 21:49:11 +1200


Started GET "/assets/turbolinks.js?body=1" for 127.0.0.1 at 2015-05-09 21:49:11 +1200


Started GET "/assets/movies.js?body=1" for 127.0.0.1 at 2015-05-09 21:49:11 +1200


Started GET "/assets/reviews.js?body=1" for 127.0.0.1 at 2015-05-09 21:49:11 +1200


Started GET "/assets/application.js?body=1" for 127.0.0.1 at 2015-05-09 21:49:11 +1200


Started GET "/assets/placeholder.png" for 127.0.0.1 at 2015-05-09 21:49:11 +1200


Started GET "/movies/8/edit" for 127.0.0.1 at 2015-05-09 21:49:14 +1200
Processing by MoviesController#edit as HTML
  Parameters: {"id"=>"8"}
  [1m[36mMovie Load (0.5ms)[0m  [1mSELECT  "movies".* FROM "movies"  WHERE "movies"."id" = ? LIMIT 1[0m  [["id", 8]]
  Rendered movies/_form.html.erb (9.2ms)
  Rendered movies/edit.html.erb within layouts/application (12.4ms)
  Rendered layouts/_header.html.erb (0.2ms)
  Rendered layouts/_sidebar.html.erb (0.2ms)
  Rendered layouts/_footer.html.erb (0.1ms)
Completed 200 OK in 151ms (Views: 146.5ms | ActiveRecord: 0.5ms)


Started PATCH "/movies/8" for 127.0.0.1 at 2015-05-09 21:49:21 +1200
Processing by MoviesController#update as HTML
  Parameters: {"utf8"=>"✓", "authenticity_token"=>"BiRbX0GgSS1vlBVgQjkk5GPTWIVwmxsuulcXHy9QN5U=", "movie"=>{"title"=>"Tan", "description"=>"Yes it was an OK movie and I would recommend it to anyone who thinks Tan can act.", "rating"=>"PG", "released_on(1i)"=>"2013", "released_on(2i)"=>"5", "released_on(3i)"=>"9", "total_gross"=>"2", "duration"=>"2 hours", "image_file_name"=>"", "cast"=>"", "director"=>""}, "commit"=>"Update Movie", "id"=>"8"}
  [1m[35mMovie Load (0.3ms)[0m  SELECT  "movies".* FROM "movies"  WHERE "movies"."id" = ? LIMIT 1  [["id", 8]]
  [1m[36m (0.2ms)[0m  [1mbegin transaction[0m
  [1m[35mSQL (0.6ms)[0m  UPDATE "movies" SET "released_on" = ?, "updated_at" = ? WHERE "movies"."id" = 8  [["released_on", "2013-05-09"], ["updated_at", "2015-05-09 09:49:21.109327"]]
  [1m[36m (0.9ms)[0m  [1mcommit transaction[0m
Redirected to http://localhost:3000/movies/8
Completed 302 Found in 19ms (ActiveRecord: 2.1ms)


Started GET "/movies/8" for 127.0.0.1 at 2015-05-09 21:49:21 +1200
Processing by MoviesController#show as HTML
  Parameters: {"id"=>"8"}
  [1m[35mMovie Load (0.2ms)[0m  SELECT  "movies".* FROM "movies"  WHERE "movies"."id" = ? LIMIT 1  [["id", 8]]
  Rendered movies/show.html.erb within layouts/application (1.0ms)
  Rendered layouts/_header.html.erb (0.3ms)
  Rendered layouts/_sidebar.html.erb (0.3ms)
  Rendered layouts/_footer.html.erb (0.1ms)
Completed 200 OK in 151ms (Views: 148.4ms | ActiveRecord: 0.2ms)


Started GET "/assets/application.css?body=1" for 127.0.0.1 at 2015-05-09 21:49:21 +1200


Started GET "/assets/normalize.css?body=1" for 127.0.0.1 at 2015-05-09 21:49:21 +1200


Started GET "/assets/movies.css?body=1" for 127.0.0.1 at 2015-05-09 21:49:21 +1200


Started GET "/assets/layout.css?body=1" for 127.0.0.1 at 2015-05-09 21:49:21 +1200


Started GET "/assets/forms.css?body=1" for 127.0.0.1 at 2015-05-09 21:49:21 +1200


Started GET "/assets/buttons.css?body=1" for 127.0.0.1 at 2015-05-09 21:49:21 +1200


Started GET "/assets/elements.css?body=1" for 127.0.0.1 at 2015-05-09 21:49:21 +1200


Started GET "/assets/jquery.js?body=1" for 127.0.0.1 at 2015-05-09 21:49:21 +1200


Started GET "/assets/turbolinks.js?body=1" for 127.0.0.1 at 2015-05-09 21:49:21 +1200


Started GET "/assets/movies.js?body=1" for 127.0.0.1 at 2015-05-09 21:49:21 +1200


Started GET "/assets/reviews.js?body=1" for 127.0.0.1 at 2015-05-09 21:49:21 +1200


Started GET "/assets/jquery_ujs.js?body=1" for 127.0.0.1 at 2015-05-09 21:49:21 +1200


Started GET "/assets/application.js?body=1" for 127.0.0.1 at 2015-05-09 21:49:21 +1200


Started GET "/assets/placeholder.png" for 127.0.0.1 at 2015-05-09 21:49:21 +1200


Started GET "/movies" for 127.0.0.1 at 2015-05-09 21:49:22 +1200
Processing by MoviesController#index as HTML
  [1m[36mMovie Load (0.3ms)[0m  [1mSELECT "movies".* FROM "movies"  WHERE (released_on <= '2015-05-09 09:49:22.962728')  ORDER BY released_on desc[0m
  Rendered movies/index.html.erb within layouts/application (6.1ms)
  Rendered layouts/_header.html.erb (0.2ms)
  Rendered layouts/_sidebar.html.erb (0.2ms)
  Rendered layouts/_footer.html.erb (0.1ms)
Completed 200 OK in 138ms (Views: 135.8ms | ActiveRecord: 0.3ms)


Started GET "/assets/superman.jpg" for 127.0.0.1 at 2015-05-09 21:49:23 +1200


Started GET "/assets/catwoman.jpg" for 127.0.0.1 at 2015-05-09 21:49:23 +1200


Started GET "/assets/spiderman.jpg" for 127.0.0.1 at 2015-05-09 21:49:23 +1200


Started GET "/assets/batman.jpg" for 127.0.0.1 at 2015-05-09 21:49:23 +1200


Started GET "/assets/ironman.jpg" for 127.0.0.1 at 2015-05-09 21:49:23 +1200


Started GET "/movies/8" for 127.0.0.1 at 2015-05-09 21:49:40 +1200
Processing by MoviesController#show as HTML
  Parameters: {"id"=>"8"}
  [1m[35mMovie Load (0.2ms)[0m  SELECT  "movies".* FROM "movies"  WHERE "movies"."id" = ? LIMIT 1  [["id", 8]]
  Rendered movies/show.html.erb within layouts/application (1.0ms)
  Rendered layouts/_header.html.erb (0.3ms)
  Rendered layouts/_sidebar.html.erb (0.4ms)
  Rendered layouts/_footer.html.erb (0.1ms)
Completed 200 OK in 155ms (Views: 152.5ms | ActiveRecord: 0.2ms)


Started DELETE "/movies/8" for 127.0.0.1 at 2015-05-09 21:49:44 +1200
Processing by MoviesController#destroy as HTML
  Parameters: {"authenticity_token"=>"BiRbX0GgSS1vlBVgQjkk5GPTWIVwmxsuulcXHy9QN5U=", "id"=>"8"}
  [1m[36mMovie Load (0.2ms)[0m  [1mSELECT  "movies".* FROM "movies"  WHERE "movies"."id" = ? LIMIT 1[0m  [["id", 8]]
  [1m[35m (0.1ms)[0m  begin transaction
  [1m[36mSQL (0.7ms)[0m  [1mDELETE FROM "movies" WHERE "movies"."id" = ?[0m  [["id", 8]]
  [1m[35m (1.0ms)[0m  commit transaction
Redirected to http://localhost:3000/movies
Completed 302 Found in 7ms (ActiveRecord: 1.9ms)


Started GET "/movies" for 127.0.0.1 at 2015-05-09 21:49:44 +1200
Processing by MoviesController#index as HTML
  [1m[36mMovie Load (0.5ms)[0m  [1mSELECT "movies".* FROM "movies"  WHERE (released_on <= '2015-05-09 09:49:44.959465')  ORDER BY released_on desc[0m
  Rendered movies/index.html.erb within layouts/application (6.5ms)
  Rendered layouts/_header.html.erb (0.2ms)
  Rendered layouts/_sidebar.html.erb (0.2ms)
  Rendered layouts/_footer.html.erb (0.1ms)
Completed 200 OK in 207ms (Views: 205.7ms | ActiveRecord: 0.5ms)


Started GET "/assets/application.css?body=1" for 127.0.0.1 at 2015-05-09 21:49:45 +1200


Started GET "/assets/normalize.css?body=1" for 127.0.0.1 at 2015-05-09 21:49:45 +1200


Started GET "/assets/layout.css?body=1" for 127.0.0.1 at 2015-05-09 21:49:45 +1200


Started GET "/assets/elements.css?body=1" for 127.0.0.1 at 2015-05-09 21:49:45 +1200


Started GET "/assets/buttons.css?body=1" for 127.0.0.1 at 2015-05-09 21:49:45 +1200


Started GET "/assets/movies.css?body=1" for 127.0.0.1 at 2015-05-09 21:49:45 +1200


Started GET "/assets/forms.css?body=1" for 127.0.0.1 at 2015-05-09 21:49:45 +1200


Started GET "/assets/jquery.js?body=1" for 127.0.0.1 at 2015-05-09 21:49:45 +1200


Started GET "/assets/jquery_ujs.js?body=1" for 127.0.0.1 at 2015-05-09 21:49:45 +1200


Started GET "/assets/turbolinks.js?body=1" for 127.0.0.1 at 2015-05-09 21:49:45 +1200


Started GET "/assets/movies.js?body=1" for 127.0.0.1 at 2015-05-09 21:49:45 +1200


Started GET "/assets/reviews.js?body=1" for 127.0.0.1 at 2015-05-09 21:49:45 +1200


Started GET "/assets/application.js?body=1" for 127.0.0.1 at 2015-05-09 21:49:45 +1200


Started GET "/assets/ironman.jpg" for 127.0.0.1 at 2015-05-09 21:49:45 +1200


Started GET "/assets/catwoman.jpg" for 127.0.0.1 at 2015-05-09 21:49:45 +1200


Started GET "/assets/superman.jpg" for 127.0.0.1 at 2015-05-09 21:49:45 +1200


Started GET "/assets/spiderman.jpg" for 127.0.0.1 at 2015-05-09 21:49:45 +1200


Started GET "/assets/batman.jpg" for 127.0.0.1 at 2015-05-09 21:49:45 +1200
